Info: Starting: Create block symbol file (.bsf)
Info: ip-generate --project-directory=C:/Users/Harry/Documents/UBC/EECE381/Module1/ --output-directory=C:/Users/Harry/Documents/UBC/EECE381/Module1/nios2_system/ --report-file=bsf:C:/Users/Harry/Documents/UBC/EECE381/Module1/nios2_system.bsf --system-info=DEVICE_FAMILY="Cyclone II" --system-info=DEVICE=EP2C35F672C6 --system-info=DEVICE_SPEEDGRADE=6 --component-file=C:/Users/Harry/Documents/UBC/EECE381/Module1/nios2_system.qsys
Progress: Loading Module1/nios2_system.qsys
Progress: Reading input file
Progress: Adding clk_0 [clock_source 13.0]
Progress: Parameterizing module clk_0
Progress: Adding nios2_system [altera_nios2_qsys 13.0]
Progress: Parameterizing module nios2_system
Progress: Adding clocks [altera_up_clocks 13.0]
Progress: Parameterizing module clocks
Progress: Adding onchip [altera_avalon_onchip_memory2 13.0.1.99.2]
Progress: Parameterizing module onchip
Progress: Adding sdram [altera_avalon_new_sdram_controller 13.0.1.99.2]
Progress: Parameterizing module sdram
Progress: Adding LEDG [altera_avalon_pio 13.0.1.99.2]
Progress: Parameterizing module LEDG
Progress: Adding LEDR [altera_avalon_pio 13.0.1.99.2]
Progress: Parameterizing module LEDR
Progress: Adding switches [altera_avalon_pio 13.0.1.99.2]
Progress: Parameterizing module switches
Progress: Adding key [altera_avalon_pio 13.0.1.99.2]
Progress: Parameterizing module key
Progress: Adding character_lcd_0 [altera_up_avalon_character_lcd 13.0]
Progress: Parameterizing module character_lcd_0
Progress: Adding JTAG [altera_avalon_jtag_uart 13.0.1.99.2]
Progress: Parameterizing module JTAG
Progress: Adding video_pixel_buffer_dma [altera_up_avalon_video_pixel_buffer_dma 13.0]
Progress: Parameterizing module video_pixel_buffer_dma
Progress: Adding video_rgb_resampler_0 [altera_up_avalon_video_rgb_resampler 13.0]
Progress: Parameterizing module video_rgb_resampler_0
Progress: Adding video_scaler_0 [altera_up_avalon_video_scaler 13.0]
Progress: Parameterizing module video_scaler_0
Progress: Adding video_dual_clock_buffer_0 [altera_up_avalon_video_dual_clock_buffer 13.0]
Progress: Parameterizing module video_dual_clock_buffer_0
Progress: Adding video_vga_controller_0 [altera_up_avalon_video_vga_controller 13.0]
Progress: Parameterizing module video_vga_controller_0
Progress: Adding video_character_buffer_with_dma_0 [altera_up_avalon_video_character_buffer_with_dma 13.0]
Progress: Parameterizing module video_character_buffer_with_dma_0
Progress: Adding video_alpha_blender_0 [altera_up_avalon_video_alpha_blender 13.0]
Progress: Parameterizing module video_alpha_blender_0
Progress: Adding sdcard_timer [altera_avalon_timer 13.0.1.99.2]
Progress: Parameterizing module sdcard_timer
Progress: Adding Altera_UP_SD_Card_Avalon_Interface_0 [Altera_UP_SD_Card_Avalon_Interface 13.0]
Progress: Parameterizing module Altera_UP_SD_Card_Avalon_Interface_0
Progress: Adding ps2_0 [altera_up_avalon_ps2 13.0]
Progress: Parameterizing module ps2_0
Progress: Adding sram_0 [altera_up_avalon_sram 13.0]
Progress: Parameterizing module sram_0
Progress: Adding audio_0 [altera_up_avalon_audio 13.0]
Progress: Parameterizing module audio_0
Progress: Adding pixel_drawer_0 [pixel_drawer 1.0]
Progress: Parameterizing module pixel_drawer_0
Progress: Building connections
Progress: Parameterizing connections
Progress: Validating
Progress: Done reading input file
Info: nios2_system.switches: PIO inputs are not hardwired in test bench. Undefined values will be read from PIO inputs during simulation.
Info: nios2_system.key: PIO inputs are not hardwired in test bench. Undefined values will be read from PIO inputs during simulation.
Info: nios2_system.video_rgb_resampler_0: RGB Resampling: 16 (bits) x 1 (planes) -> 10 (bits) x 3 (planes)
Info: nios2_system.video_scaler_0: Change in Resolution: 320 x 240 -> 640 x 480
Info: nios2_system.video_vga_controller_0: Video Output Stream: Format: 640 x 480 with Color: 10 (bits) x 3 (planes)
Info: nios2_system.video_character_buffer_with_dma_0: Character Resolution: 80 x 60
Info: ip-generate succeeded.
Info: Finished: Create block symbol file (.bsf)
Info: 
Info: Starting: Create HDL design files for synthesis
Info: ip-generate --project-directory=C:/Users/Harry/Documents/UBC/EECE381/Module1/ --output-directory=C:/Users/Harry/Documents/UBC/EECE381/Module1/nios2_system/synthesis/ --file-set=QUARTUS_SYNTH --report-file=sopcinfo:C:/Users/Harry/Documents/UBC/EECE381/Module1/nios2_system.sopcinfo --report-file=html:C:/Users/Harry/Documents/UBC/EECE381/Module1/nios2_system.html --report-file=qip:C:/Users/Harry/Documents/UBC/EECE381/Module1/nios2_system/synthesis/nios2_system.qip --report-file=cmp:C:/Users/Harry/Documents/UBC/EECE381/Module1/nios2_system.cmp --report-file=svd --system-info=DEVICE_FAMILY="Cyclone II" --system-info=DEVICE=EP2C35F672C6 --system-info=DEVICE_SPEEDGRADE=6 --component-file=C:/Users/Harry/Documents/UBC/EECE381/Module1/nios2_system.qsys --language=VERILOG
Progress: Loading Module1/nios2_system.qsys
Progress: Reading input file
Progress: Adding clk_0 [clock_source 13.0]
Progress: Parameterizing module clk_0
Progress: Adding nios2_system [altera_nios2_qsys 13.0]
Progress: Parameterizing module nios2_system
Progress: Adding clocks [altera_up_clocks 13.0]
Progress: Parameterizing module clocks
Progress: Adding onchip [altera_avalon_onchip_memory2 13.0.1.99.2]
Progress: Parameterizing module onchip
Progress: Adding sdram [altera_avalon_new_sdram_controller 13.0.1.99.2]
Progress: Parameterizing module sdram
Progress: Adding LEDG [altera_avalon_pio 13.0.1.99.2]
Progress: Parameterizing module LEDG
Progress: Adding LEDR [altera_avalon_pio 13.0.1.99.2]
Progress: Parameterizing module LEDR
Progress: Adding switches [altera_avalon_pio 13.0.1.99.2]
Progress: Parameterizing module switches
Progress: Adding key [altera_avalon_pio 13.0.1.99.2]
Progress: Parameterizing module key
Progress: Adding character_lcd_0 [altera_up_avalon_character_lcd 13.0]
Progress: Parameterizing module character_lcd_0
Progress: Adding JTAG [altera_avalon_jtag_uart 13.0.1.99.2]
Progress: Parameterizing module JTAG
Progress: Adding video_pixel_buffer_dma [altera_up_avalon_video_pixel_buffer_dma 13.0]
Progress: Parameterizing module video_pixel_buffer_dma
Progress: Adding video_rgb_resampler_0 [altera_up_avalon_video_rgb_resampler 13.0]
Progress: Parameterizing module video_rgb_resampler_0
Progress: Adding video_scaler_0 [altera_up_avalon_video_scaler 13.0]
Progress: Parameterizing module video_scaler_0
Progress: Adding video_dual_clock_buffer_0 [altera_up_avalon_video_dual_clock_buffer 13.0]
Progress: Parameterizing module video_dual_clock_buffer_0
Progress: Adding video_vga_controller_0 [altera_up_avalon_video_vga_controller 13.0]
Progress: Parameterizing module video_vga_controller_0
Progress: Adding video_character_buffer_with_dma_0 [altera_up_avalon_video_character_buffer_with_dma 13.0]
Progress: Parameterizing module video_character_buffer_with_dma_0
Progress: Adding video_alpha_blender_0 [altera_up_avalon_video_alpha_blender 13.0]
Progress: Parameterizing module video_alpha_blender_0
Progress: Adding sdcard_timer [altera_avalon_timer 13.0.1.99.2]
Progress: Parameterizing module sdcard_timer
Progress: Adding Altera_UP_SD_Card_Avalon_Interface_0 [Altera_UP_SD_Card_Avalon_Interface 13.0]
Progress: Parameterizing module Altera_UP_SD_Card_Avalon_Interface_0
Progress: Adding ps2_0 [altera_up_avalon_ps2 13.0]
Progress: Parameterizing module ps2_0
Progress: Adding sram_0 [altera_up_avalon_sram 13.0]
Progress: Parameterizing module sram_0
Progress: Adding audio_0 [altera_up_avalon_audio 13.0]
Progress: Parameterizing module audio_0
Progress: Adding pixel_drawer_0 [pixel_drawer 1.0]
Progress: Parameterizing module pixel_drawer_0
Progress: Building connections
Progress: Parameterizing connections
Progress: Validating
Progress: Done reading input file
Info: nios2_system.switches: PIO inputs are not hardwired in test bench. Undefined values will be read from PIO inputs during simulation.
Info: nios2_system.key: PIO inputs are not hardwired in test bench. Undefined values will be read from PIO inputs during simulation.
Info: nios2_system.video_rgb_resampler_0: RGB Resampling: 16 (bits) x 1 (planes) -> 10 (bits) x 3 (planes)
Info: nios2_system.video_scaler_0: Change in Resolution: 320 x 240 -> 640 x 480
Info: nios2_system.video_vga_controller_0: Video Output Stream: Format: 640 x 480 with Color: 10 (bits) x 3 (planes)
Info: nios2_system.video_character_buffer_with_dma_0: Character Resolution: 80 x 60
Info: nios2_system: Generating nios2_system "nios2_system" for QUARTUS_SYNTH
Info: pipeline_bridge_swap_transform: After transform: 24 modules, 113 connections
Info: No custom instruction connections, skipping transform 
Info: merlin_translator_transform: After transform: 46 modules, 201 connections
Info: merlin_domain_transform: After transform: 89 modules, 484 connections
Info: merlin_router_transform: After transform: 111 modules, 572 connections
Info: merlin_traffic_limiter_transform: After transform: 113 modules, 582 connections
Info: merlin_burst_transform: After transform: 117 modules, 598 connections
Info: reset_adaptation_transform: After transform: 120 modules, 469 connections
Info: merlin_network_to_switch_transform: After transform: 163 modules, 575 connections
Info: merlin_width_transform: After transform: 173 modules, 605 connections
Info: limiter_update_transform: After transform: 173 modules, 607 connections
Info: merlin_mm_transform: After transform: 173 modules, 607 connections
Info: merlin_interrupt_mapper_transform: After transform: 174 modules, 610 connections
Warning: nios2_system: "No matching role found for rst_controller:reset_out:reset_req (reset_req)"
Warning: nios2_system: "No matching role found for rst_controller:reset_out:reset_req (reset_req)"
Warning: nios2_system: "No matching role found for rst_controller:reset_out:reset_req (reset_req)"
Warning: nios2_system: "No matching role found for rst_controller:reset_out:reset_req (reset_req)"
Warning: nios2_system: "No matching role found for rst_controller:reset_out:reset_req (reset_req)"
Warning: nios2_system: "No matching role found for rst_controller:reset_out:reset_req (reset_req)"
Warning: nios2_system: "No matching role found for rst_controller:reset_out:reset_req (reset_req)"
Warning: nios2_system: "No matching role found for rst_controller:reset_out:reset_req (reset_req)"
Warning: nios2_system: "No matching role found for rst_controller:reset_out:reset_req (reset_req)"
Warning: nios2_system: "No matching role found for rst_controller:reset_out:reset_req (reset_req)"
Warning: nios2_system: "No matching role found for rst_controller:reset_out:reset_req (reset_req)"
Warning: nios2_system: "No matching role found for rst_controller:reset_out:reset_req (reset_req)"
Warning: nios2_system: "No matching role found for rst_controller:reset_out:reset_req (reset_req)"
Warning: nios2_system: "No matching role found for rst_controller:reset_out:reset_req (reset_req)"
Warning: nios2_system: "No matching role found for rst_controller:reset_out:reset_req (reset_req)"
Warning: nios2_system: "No matching role found for rst_controller:reset_out:reset_req (reset_req)"
Warning: nios2_system: "No matching role found for rst_controller:reset_out:reset_req (reset_req)"
Warning: nios2_system: "No matching role found for rst_controller:reset_out:reset_req (reset_req)"
Warning: nios2_system: "No matching role found for rst_controller:reset_out:reset_req (reset_req)"
Warning: nios2_system: "No matching role found for rst_controller:reset_out:reset_req (reset_req)"
Warning: nios2_system: "No matching role found for rst_controller:reset_out:reset_req (reset_req)"
Warning: nios2_system: "No matching role found for rst_controller:reset_out:reset_req (reset_req)"
Warning: nios2_system: "No matching role found for rst_controller:reset_out:reset_req (reset_req)"
Warning: nios2_system: "No matching role found for rst_controller:reset_out:reset_req (reset_req)"
Warning: nios2_system: "No matching role found for rst_controller:reset_out:reset_req (reset_req)"
Warning: nios2_system: "No matching role found for rst_controller:reset_out:reset_req (reset_req)"
Warning: nios2_system: "No matching role found for rst_controller:reset_out:reset_req (reset_req)"
Warning: nios2_system: "No matching role found for rst_controller:reset_out:reset_req (reset_req)"
Warning: nios2_system: "No matching role found for rst_controller:reset_out:reset_req (reset_req)"
Warning: nios2_system: "No matching role found for rst_controller:reset_out:reset_req (reset_req)"
Warning: nios2_system: "No matching role found for rst_controller:reset_out:reset_req (reset_req)"
Warning: nios2_system: "No matching role found for rst_controller:reset_out:reset_req (reset_req)"
Warning: nios2_system: "No matching role found for rst_controller:reset_out:reset_req (reset_req)"
Warning: nios2_system: "No matching role found for rst_controller:reset_out:reset_req (reset_req)"
Warning: nios2_system: "No matching role found for rst_controller:reset_out:reset_req (reset_req)"
Warning: nios2_system: "No matching role found for rst_controller:reset_out:reset_req (reset_req)"
Warning: nios2_system: "No matching role found for rst_controller:reset_out:reset_req (reset_req)"
Warning: nios2_system: "No matching role found for rst_controller:reset_out:reset_req (reset_req)"
Warning: nios2_system: "No matching role found for rst_controller:reset_out:reset_req (reset_req)"
Warning: nios2_system: "No matching role found for rst_controller:reset_out:reset_req (reset_req)"
Warning: nios2_system: "No matching role found for rst_controller:reset_out:reset_req (reset_req)"
Warning: nios2_system: "No matching role found for rst_controller:reset_out:reset_req (reset_req)"
Warning: nios2_system: "No matching role found for rst_controller:reset_out:reset_req (reset_req)"
Warning: nios2_system: "No matching role found for rst_controller:reset_out:reset_req (reset_req)"
Warning: nios2_system: "No matching role found for rst_controller:reset_out:reset_req (reset_req)"
Warning: nios2_system: "No matching role found for rst_controller:reset_out:reset_req (reset_req)"
Warning: nios2_system: "No matching role found for rst_controller:reset_out:reset_req (reset_req)"
Warning: nios2_system: "No matching role found for rst_controller:reset_out:reset_req (reset_req)"
Warning: nios2_system: "No matching role found for rst_controller:reset_out:reset_req (reset_req)"
Warning: nios2_system: "No matching role found for rst_controller:reset_out:reset_req (reset_req)"
Warning: nios2_system: "No matching role found for rst_controller:reset_out:reset_req (reset_req)"
Warning: nios2_system: "No matching role found for rst_controller:reset_out:reset_req (reset_req)"
Warning: nios2_system: "No matching role found for rst_controller:reset_out:reset_req (reset_req)"
Warning: nios2_system: "No matching role found for rst_controller:reset_out:reset_req (reset_req)"
Warning: nios2_system: "No matching role found for rst_controller:reset_out:reset_req (reset_req)"
Warning: nios2_system: "No matching role found for rst_controller:reset_out:reset_req (reset_req)"
Warning: nios2_system: "No matching role found for rst_controller:reset_out:reset_req (reset_req)"
Warning: nios2_system: "No matching role found for rst_controller:reset_out:reset_req (reset_req)"
Warning: nios2_system: "No matching role found for rst_controller:reset_out:reset_req (reset_req)"
Warning: nios2_system: "No matching role found for rst_controller:reset_out:reset_req (reset_req)"
Warning: nios2_system: "No matching role found for rst_controller:reset_out:reset_req (reset_req)"
Warning: nios2_system: "No matching role found for rst_controller:reset_out:reset_req (reset_req)"
Warning: nios2_system: "No matching role found for rst_controller:reset_out:reset_req (reset_req)"
Warning: nios2_system: "No matching role found for rst_controller:reset_out:reset_req (reset_req)"
Warning: nios2_system: "No matching role found for rst_controller:reset_out:reset_req (reset_req)"
Warning: nios2_system: "No matching role found for rst_controller:reset_out:reset_req (reset_req)"
Warning: nios2_system: "No matching role found for rst_controller:reset_out:reset_req (reset_req)"
Warning: nios2_system: "No matching role found for rst_controller:reset_out:reset_req (reset_req)"
Warning: nios2_system: "No matching role found for rst_controller:reset_out:reset_req (reset_req)"
Warning: nios2_system: "No matching role found for rst_controller:reset_out:reset_req (reset_req)"
Warning: nios2_system: "No matching role found for rst_controller:reset_out:reset_req (reset_req)"
Warning: nios2_system: "No matching role found for rst_controller:reset_out:reset_req (reset_req)"
Warning: nios2_system: "No matching role found for rst_controller:reset_out:reset_req (reset_req)"
Warning: nios2_system: "No matching role found for rst_controller:reset_out:reset_req (reset_req)"
Warning: nios2_system: "No matching role found for rst_controller:reset_out:reset_req (reset_req)"
Warning: nios2_system: "No matching role found for rst_controller:reset_out:reset_req (reset_req)"
Warning: nios2_system: "No matching role found for rst_controller:reset_out:reset_req (reset_req)"
Warning: nios2_system: "No matching role found for rst_controller:reset_out:reset_req (reset_req)"
Warning: nios2_system: "No matching role found for rst_controller:reset_out:reset_req (reset_req)"
Warning: nios2_system: "No matching role found for rst_controller:reset_out:reset_req (reset_req)"
Warning: nios2_system: "No matching role found for rst_controller:reset_out:reset_req (reset_req)"
Warning: nios2_system: "No matching role found for rst_controller:reset_out:reset_req (reset_req)"
Warning: nios2_system: "No matching role found for rst_controller:reset_out:reset_req (reset_req)"
Warning: nios2_system: "No matching role found for rst_controller:reset_out:reset_req (reset_req)"
Warning: nios2_system: "No matching role found for rst_controller:reset_out:reset_req (reset_req)"
Warning: nios2_system: "No matching role found for rst_controller:reset_out:reset_req (reset_req)"
Warning: nios2_system: "No matching role found for rst_controller:reset_out:reset_req (reset_req)"
Warning: nios2_system: "No matching role found for rst_controller:reset_out:reset_req (reset_req)"
Warning: nios2_system: "No matching role found for rst_controller:reset_out:reset_req (reset_req)"
Warning: nios2_system: "No matching role found for rst_controller:reset_out:reset_req (reset_req)"
Warning: nios2_system: "No matching role found for rst_controller:reset_out:reset_req (reset_req)"
Warning: nios2_system: "No matching role found for rst_controller:reset_out:reset_req (reset_req)"
Warning: nios2_system: "No matching role found for rst_controller:reset_out:reset_req (reset_req)"
Warning: nios2_system: "No matching role found for rst_controller:reset_out:reset_req (reset_req)"
Warning: nios2_system: "No matching role found for rst_controller:reset_out:reset_req (reset_req)"
Warning: nios2_system: "No matching role found for rst_controller:reset_out:reset_req (reset_req)"
Warning: nios2_system: "No matching role found for rst_controller:reset_out:reset_req (reset_req)"
Warning: nios2_system: "No matching role found for rst_controller:reset_out:reset_req (reset_req)"
Warning: nios2_system: "No matching role found for rst_controller:reset_out:reset_req (reset_req)"
Warning: nios2_system: "No matching role found for rst_controller:reset_out:reset_req (reset_req)"
Warning: nios2_system: "No matching role found for rst_controller:reset_out:reset_req (reset_req)"
Warning: nios2_system: "No matching role found for rst_controller:reset_out:reset_req (reset_req)"
Warning: nios2_system: "No matching role found for rst_controller:reset_out:reset_req (reset_req)"
Warning: nios2_system: "No matching role found for rst_controller:reset_out:reset_req (reset_req)"
Warning: nios2_system: "No matching role found for rst_controller:reset_out:reset_req (reset_req)"
Warning: nios2_system: "No matching role found for rst_controller:reset_out:reset_req (reset_req)"
Warning: nios2_system: "No matching role found for rst_controller:reset_out:reset_req (reset_req)"
Warning: nios2_system: "No matching role found for rst_controller:reset_out:reset_req (reset_req)"
Warning: nios2_system: "No matching role found for rst_controller:reset_out:reset_req (reset_req)"
Warning: nios2_system: "No matching role found for rst_controller:reset_out:reset_req (reset_req)"
Warning: nios2_system: "No matching role found for rst_controller:reset_out:reset_req (reset_req)"
Warning: nios2_system: "No matching role found for rst_controller:reset_out:reset_req (reset_req)"
Warning: nios2_system: "No matching role found for rst_controller:reset_out:reset_req (reset_req)"
Warning: nios2_system: "No matching role found for rst_controller:reset_out:reset_req (reset_req)"
Warning: nios2_system: "No matching role found for rst_controller:reset_out:reset_req (reset_req)"
Warning: nios2_system: "No matching role found for rst_controller:reset_out:reset_req (reset_req)"
Warning: nios2_system: "No matching role found for rst_controller:reset_out:reset_req (reset_req)"
Warning: nios2_system: "No matching role found for rst_controller:reset_out:reset_req (reset_req)"
Warning: nios2_system: "No matching role found for rst_controller:reset_out:reset_req (reset_req)"
Warning: nios2_system: "No matching role found for rst_controller:reset_out:reset_req (reset_req)"
Warning: nios2_system: "No matching role found for rst_controller:reset_out:reset_req (reset_req)"
Warning: nios2_system: "No matching role found for rst_controller:reset_out:reset_req (reset_req)"
Warning: nios2_system: "No matching role found for rst_controller:reset_out:reset_req (reset_req)"
Warning: nios2_system: "No matching role found for rst_controller:reset_out:reset_req (reset_req)"
Warning: nios2_system: "No matching role found for rst_controller:reset_out:reset_req (reset_req)"
Warning: nios2_system: "No matching role found for rst_controller:reset_out:reset_req (reset_req)"
Warning: nios2_system: "No matching role found for rst_controller:reset_out:reset_req (reset_req)"
Warning: nios2_system: "No matching role found for rst_controller:reset_out:reset_req (reset_req)"
Warning: nios2_system: "No matching role found for rst_controller:reset_out:reset_req (reset_req)"
Warning: nios2_system: "No matching role found for rst_controller:reset_out:reset_req (reset_req)"
Warning: nios2_system: "No matching role found for rst_controller:reset_out:reset_req (reset_req)"
Warning: nios2_system: "No matching role found for rst_controller:reset_out:reset_req (reset_req)"
Warning: nios2_system: "No matching role found for rst_controller:reset_out:reset_req (reset_req)"
Warning: nios2_system: "No matching role found for rst_controller:reset_out:reset_req (reset_req)"
Warning: nios2_system: "No matching role found for rst_controller:reset_out:reset_req (reset_req)"
Warning: nios2_system: "No matching role found for rst_controller:reset_out:reset_req (reset_req)"
Warning: nios2_system: "No matching role found for rst_controller:reset_out:reset_req (reset_req)"
Warning: nios2_system: "No matching role found for rst_controller:reset_out:reset_req (reset_req)"
Warning: nios2_system: "No matching role found for rst_controller:reset_out:reset_req (reset_req)"
Warning: nios2_system: "No matching role found for rst_controller:reset_out:reset_req (reset_req)"
Warning: nios2_system: "No matching role found for rst_controller:reset_out:reset_req (reset_req)"
Warning: nios2_system: "No matching role found for rst_controller:reset_out:reset_req (reset_req)"
Warning: nios2_system: "No matching role found for rst_controller:reset_out:reset_req (reset_req)"
Warning: nios2_system: "No matching role found for rst_controller:reset_out:reset_req (reset_req)"
Warning: nios2_system: "No matching role found for rst_controller:reset_out:reset_req (reset_req)"
Warning: nios2_system: "No matching role found for rst_controller:reset_out:reset_req (reset_req)"
Warning: nios2_system: "No matching role found for rst_controller:reset_out:reset_req (reset_req)"
Warning: nios2_system: "No matching role found for rst_controller:reset_out:reset_req (reset_req)"
Warning: nios2_system: "No matching role found for rst_controller:reset_out:reset_req (reset_req)"
Warning: nios2_system: "No matching role found for rst_controller:reset_out:reset_req (reset_req)"
Warning: nios2_system: "No matching role found for rst_controller:reset_out:reset_req (reset_req)"
Warning: nios2_system: "No matching role found for rst_controller:reset_out:reset_req (reset_req)"
Warning: nios2_system: "No matching role found for rst_controller:reset_out:reset_req (reset_req)"
Warning: nios2_system: "No matching role found for rst_controller:reset_out:reset_req (reset_req)"
Warning: nios2_system: "No matching role found for rst_controller:reset_out:reset_req (reset_req)"
Warning: nios2_system: "No matching role found for rst_controller:reset_out:reset_req (reset_req)"
Warning: nios2_system: "No matching role found for rst_controller:reset_out:reset_req (reset_req)"
Warning: nios2_system: "No matching role found for rst_controller:reset_out:reset_req (reset_req)"
Warning: nios2_system: "No matching role found for rst_controller:reset_out:reset_req (reset_req)"
Warning: nios2_system: "No matching role found for rst_controller:reset_out:reset_req (reset_req)"
Warning: nios2_system: "No matching role found for rst_controller:reset_out:reset_req (reset_req)"
Warning: nios2_system: "No matching role found for rst_controller:reset_out:reset_req (reset_req)"
Warning: nios2_system: "No matching role found for rst_controller:reset_out:reset_req (reset_req)"
Warning: nios2_system: "No matching role found for rst_controller:reset_out:reset_req (reset_req)"
Warning: nios2_system: "No matching role found for rst_controller:reset_out:reset_req (reset_req)"
Warning: nios2_system: "No matching role found for rst_controller:reset_out:reset_req (reset_req)"
Warning: nios2_system: "No matching role found for rst_controller:reset_out:reset_req (reset_req)"
Info: nios2_system: Starting RTL generation for module 'nios2_system_nios2_system'
Info: nios2_system:   Generation command is [exec C:/altera/13.0sp1/quartus/../ip/altera/nios2_ip/altera_nios2/eperl.exe -I C:/altera/13.0sp1/quartus/common/ip/altera/common/perl/5.8.3 -I C:/altera/13.0sp1/quartus/sopc_builder/bin/europa -I C:/altera/13.0sp1/quartus/sopc_builder/bin/perl_lib -I C:/altera/13.0sp1/quartus/sopc_builder/bin -I C:/altera/13.0sp1/quartus/../ip/altera/nios2_ip/altera_nios2/cpu_lib -I C:/altera/13.0sp1/quartus/../ip/altera/nios2_ip/altera_nios2/nios_lib -I C:/altera/13.0sp1/quartus/../ip/altera/nios2_ip/altera_nios2 -I C:/altera/13.0sp1/quartus/../ip/altera/nios2_ip/altera_nios2 -- C:/altera/13.0sp1/quartus/../ip/altera/nios2_ip/altera_nios2/generate_rtl.epl --name=nios2_system_nios2_system --dir=C:/Users/Harry/AppData/Local/Temp/alt6341_7871051236522543692.dir/0213_nios2_system_gen/ --quartus_dir=C:/altera/13.0sp1/quartus --verilog --config=C:/Users/Harry/AppData/Local/Temp/alt6341_7871051236522543692.dir/0213_nios2_system_gen//nios2_system_nios2_system_processor_configuration.pl  --do_build_sim=0    --bogus  ]
Info: nios2_system: # 2014.09.28 18:02:18 (*) Starting Nios II generation
Info: nios2_system: # 2014.09.28 18:02:18 (*)   Checking for plaintext license.
Info: nios2_system: # 2014.09.28 18:02:20 (*)   Couldn't query license setup in Quartus directory C:/altera/13.0sp1/quartus
Info: nios2_system: # 2014.09.28 18:02:20 (*)   Defaulting to contents of LM_LICENSE_FILE environment variable
Info: nios2_system: # 2014.09.28 18:02:20 (*)   LM_LICENSE_FILE environment variable is empty
Info: nios2_system: # 2014.09.28 18:02:20 (*)   Plaintext license not found.
Info: nios2_system: # 2014.09.28 18:02:20 (*)   Checking for encrypted license (non-evaluation).
Info: nios2_system: # 2014.09.28 18:02:20 (*)   Couldn't query license setup in Quartus directory C:/altera/13.0sp1/quartus
Info: nios2_system: # 2014.09.28 18:02:20 (*)   Defaulting to contents of LM_LICENSE_FILE environment variable
Info: nios2_system: # 2014.09.28 18:02:20 (*)   LM_LICENSE_FILE environment variable is empty
Info: nios2_system: # 2014.09.28 18:02:20 (*)   Encrypted license not found.  Defaulting to OCP evaluation license (produces a time-limited SOF)
Info: nios2_system: # 2014.09.28 18:02:20 (*)   Elaborating CPU configuration settings
Info: nios2_system: # 2014.09.28 18:02:21 (*)   Creating all objects for CPU
Info: nios2_system: # 2014.09.28 18:02:21 (*)     Testbench
Info: nios2_system: # 2014.09.28 18:02:21 (*)     Instruction decoding
Info: nios2_system: # 2014.09.28 18:02:21 (*)       Instruction fields
Info: nios2_system: # 2014.09.28 18:02:21 (*)       Instruction decodes
Info: nios2_system: # 2014.09.28 18:02:22 (*)       Signals for RTL simulation waveforms
Info: nios2_system: # 2014.09.28 18:02:22 (*)       Instruction controls
Info: nios2_system: # 2014.09.28 18:02:22 (*)     Pipeline frontend
Info: nios2_system: # 2014.09.28 18:02:22 (*)     Pipeline backend
Info: nios2_system: # 2014.09.28 18:02:26 (*)   Generating RTL from CPU objects
Info: nios2_system: # 2014.09.28 18:02:30 (*)   Creating encrypted RTL
Info: nios2_system: # 2014.09.28 18:02:32 (*) Done Nios II generation
Info: nios2_system: Done RTL generation for module 'nios2_system_nios2_system'
Info: nios2_system: "nios2_system" instantiated altera_nios2_qsys "nios2_system"
Info: clocks: Starting Generation of Required Clocks for DE-Series Boards
Info: clocks: "nios2_system" instantiated altera_up_clocks "clocks"
Info: onchip: Starting RTL generation for module 'nios2_system_onchip'
Info: onchip:   Generation command is [exec C:/altera/13.0sp1/quartus/bin/perl/bin/perl.exe -I C:/altera/13.0sp1/quartus/common/ip/altera/common/perl/5.8.3 -I C:/altera/13.0sp1/quartus/sopc_builder/bin/europa -I C:/altera/13.0sp1/quartus/sopc_builder/bin/perl_lib -I C:/altera/13.0sp1/quartus/sopc_builder/bin -I C:/altera/13.0sp1/quartus/../ip/altera/sopc_builder_ip/common -I C:/altera/13.0sp1/quartus/../ip/altera/sopc_builder_ip/altera_avalon_onchip_memory2 -- C:/altera/13.0sp1/quartus/../ip/altera/sopc_builder_ip/altera_avalon_onchip_memory2/generate_rtl.pl --name=nios2_system_onchip --dir=C:/Users/Harry/AppData/Local/Temp/alt6341_7871051236522543692.dir/0215_onchip_gen/ --quartus_dir=C:/altera/13.0sp1/quartus --verilog --config=C:/Users/Harry/AppData/Local/Temp/alt6341_7871051236522543692.dir/0215_onchip_gen//nios2_system_onchip_component_configuration.pl  --do_build_sim=0  ]
Info: onchip: Done RTL generation for module 'nios2_system_onchip'
Info: onchip: "nios2_system" instantiated altera_avalon_onchip_memory2 "onchip"
Info: sdram: Starting RTL generation for module 'nios2_system_sdram'
Info: sdram:   Generation command is [exec C:/altera/13.0sp1/quartus/bin/perl/bin/perl.exe -I C:/altera/13.0sp1/quartus/common/ip/altera/common/perl/5.8.3 -I C:/altera/13.0sp1/quartus/sopc_builder/bin/europa -I C:/altera/13.0sp1/quartus/sopc_builder/bin/perl_lib -I C:/altera/13.0sp1/quartus/sopc_builder/bin -I C:/altera/13.0sp1/quartus/../ip/altera/sopc_builder_ip/common -I C:/altera/13.0sp1/quartus/../ip/altera/sopc_builder_ip/altera_avalon_new_sdram_controller -- C:/altera/13.0sp1/quartus/../ip/altera/sopc_builder_ip/altera_avalon_new_sdram_controller/generate_rtl.pl --name=nios2_system_sdram --dir=C:/Users/Harry/AppData/Local/Temp/alt6341_7871051236522543692.dir/0216_sdram_gen/ --quartus_dir=C:/altera/13.0sp1/quartus --verilog --config=C:/Users/Harry/AppData/Local/Temp/alt6341_7871051236522543692.dir/0216_sdram_gen//nios2_system_sdram_component_configuration.pl  --do_build_sim=0  ]
Info: sdram: Done RTL generation for module 'nios2_system_sdram'
Info: sdram: "nios2_system" instantiated altera_avalon_new_sdram_controller "sdram"
Info: LEDG: Starting RTL generation for module 'nios2_system_LEDG'
Info: LEDG:   Generation command is [exec C:/altera/13.0sp1/quartus/bin/perl/bin/perl.exe -I C:/altera/13.0sp1/quartus/common/ip/altera/common/perl/5.8.3 -I C:/altera/13.0sp1/quartus/sopc_builder/bin/europa -I C:/altera/13.0sp1/quartus/sopc_builder/bin/perl_lib -I C:/altera/13.0sp1/quartus/sopc_builder/bin -I C:/altera/13.0sp1/quartus/../ip/altera/sopc_builder_ip/common -I C:/altera/13.0sp1/quartus/../ip/altera/sopc_builder_ip/altera_avalon_pio -- C:/altera/13.0sp1/quartus/../ip/altera/sopc_builder_ip/altera_avalon_pio/generate_rtl.pl --name=nios2_system_LEDG --dir=C:/Users/Harry/AppData/Local/Temp/alt6341_7871051236522543692.dir/0217_LEDG_gen/ --quartus_dir=C:/altera/13.0sp1/quartus --verilog --config=C:/Users/Harry/AppData/Local/Temp/alt6341_7871051236522543692.dir/0217_LEDG_gen//nios2_system_LEDG_component_configuration.pl  --do_build_sim=0  ]
Info: LEDG: Done RTL generation for module 'nios2_system_LEDG'
Info: LEDG: "nios2_system" instantiated altera_avalon_pio "LEDG"
Info: LEDR: Starting RTL generation for module 'nios2_system_LEDR'
Info: LEDR:   Generation command is [exec C:/altera/13.0sp1/quartus/bin/perl/bin/perl.exe -I C:/altera/13.0sp1/quartus/common/ip/altera/common/perl/5.8.3 -I C:/altera/13.0sp1/quartus/sopc_builder/bin/europa -I C:/altera/13.0sp1/quartus/sopc_builder/bin/perl_lib -I C:/altera/13.0sp1/quartus/sopc_builder/bin -I C:/altera/13.0sp1/quartus/../ip/altera/sopc_builder_ip/common -I C:/altera/13.0sp1/quartus/../ip/altera/sopc_builder_ip/altera_avalon_pio -- C:/altera/13.0sp1/quartus/../ip/altera/sopc_builder_ip/altera_avalon_pio/generate_rtl.pl --name=nios2_system_LEDR --dir=C:/Users/Harry/AppData/Local/Temp/alt6341_7871051236522543692.dir/0218_LEDR_gen/ --quartus_dir=C:/altera/13.0sp1/quartus --verilog --config=C:/Users/Harry/AppData/Local/Temp/alt6341_7871051236522543692.dir/0218_LEDR_gen//nios2_system_LEDR_component_configuration.pl  --do_build_sim=0  ]
Info: LEDR: Done RTL generation for module 'nios2_system_LEDR'
Info: LEDR: "nios2_system" instantiated altera_avalon_pio "LEDR"
Info: switches: Starting RTL generation for module 'nios2_system_switches'
Info: switches:   Generation command is [exec C:/altera/13.0sp1/quartus/bin/perl/bin/perl.exe -I C:/altera/13.0sp1/quartus/common/ip/altera/common/perl/5.8.3 -I C:/altera/13.0sp1/quartus/sopc_builder/bin/europa -I C:/altera/13.0sp1/quartus/sopc_builder/bin/perl_lib -I C:/altera/13.0sp1/quartus/sopc_builder/bin -I C:/altera/13.0sp1/quartus/../ip/altera/sopc_builder_ip/common -I C:/altera/13.0sp1/quartus/../ip/altera/sopc_builder_ip/altera_avalon_pio -- C:/altera/13.0sp1/quartus/../ip/altera/sopc_builder_ip/altera_avalon_pio/generate_rtl.pl --name=nios2_system_switches --dir=C:/Users/Harry/AppData/Local/Temp/alt6341_7871051236522543692.dir/0219_switches_gen/ --quartus_dir=C:/altera/13.0sp1/quartus --verilog --config=C:/Users/Harry/AppData/Local/Temp/alt6341_7871051236522543692.dir/0219_switches_gen//nios2_system_switches_component_configuration.pl  --do_build_sim=0  ]
Info: switches: Done RTL generation for module 'nios2_system_switches'
Info: switches: "nios2_system" instantiated altera_avalon_pio "switches"
Info: key: Starting RTL generation for module 'nios2_system_key'
Info: key:   Generation command is [exec C:/altera/13.0sp1/quartus/bin/perl/bin/perl.exe -I C:/altera/13.0sp1/quartus/common/ip/altera/common/perl/5.8.3 -I C:/altera/13.0sp1/quartus/sopc_builder/bin/europa -I C:/altera/13.0sp1/quartus/sopc_builder/bin/perl_lib -I C:/altera/13.0sp1/quartus/sopc_builder/bin -I C:/altera/13.0sp1/quartus/../ip/altera/sopc_builder_ip/common -I C:/altera/13.0sp1/quartus/../ip/altera/sopc_builder_ip/altera_avalon_pio -- C:/altera/13.0sp1/quartus/../ip/altera/sopc_builder_ip/altera_avalon_pio/generate_rtl.pl --name=nios2_system_key --dir=C:/Users/Harry/AppData/Local/Temp/alt6341_7871051236522543692.dir/0220_key_gen/ --quartus_dir=C:/altera/13.0sp1/quartus --verilog --config=C:/Users/Harry/AppData/Local/Temp/alt6341_7871051236522543692.dir/0220_key_gen//nios2_system_key_component_configuration.pl  --do_build_sim=0  ]
Info: key: Done RTL generation for module 'nios2_system_key'
Info: key: "nios2_system" instantiated altera_avalon_pio "key"
Info: character_lcd_0: Starting Generation of Character LCD
Info: character_lcd_0: "nios2_system" instantiated altera_up_avalon_character_lcd "character_lcd_0"
Info: JTAG: Starting RTL generation for module 'nios2_system_JTAG'
Info: JTAG:   Generation command is [exec C:/altera/13.0sp1/quartus/bin/perl/bin/perl.exe -I C:/altera/13.0sp1/quartus/common/ip/altera/common/perl/5.8.3 -I C:/altera/13.0sp1/quartus/sopc_builder/bin/europa -I C:/altera/13.0sp1/quartus/sopc_builder/bin/perl_lib -I C:/altera/13.0sp1/quartus/sopc_builder/bin -I C:/altera/13.0sp1/quartus/../ip/altera/sopc_builder_ip/common -I C:/altera/13.0sp1/quartus/../ip/altera/sopc_builder_ip/altera_avalon_jtag_uart -- C:/altera/13.0sp1/quartus/../ip/altera/sopc_builder_ip/altera_avalon_jtag_uart/generate_rtl.pl --name=nios2_system_JTAG --dir=C:/Users/Harry/AppData/Local/Temp/alt6341_7871051236522543692.dir/0222_JTAG_gen/ --quartus_dir=C:/altera/13.0sp1/quartus --verilog --config=C:/Users/Harry/AppData/Local/Temp/alt6341_7871051236522543692.dir/0222_JTAG_gen//nios2_system_JTAG_component_configuration.pl  --do_build_sim=0  ]
Info: JTAG: Done RTL generation for module 'nios2_system_JTAG'
Info: JTAG: "nios2_system" instantiated altera_avalon_jtag_uart "JTAG"
Info: video_pixel_buffer_dma: Starting Generation of VGA Pixel Buffer
Info: video_pixel_buffer_dma: "nios2_system" instantiated altera_up_avalon_video_pixel_buffer_dma "video_pixel_buffer_dma"
Info: video_rgb_resampler_0: Starting Generation of Video RGB Resampler
Info: video_rgb_resampler_0: "nios2_system" instantiated altera_up_avalon_video_rgb_resampler "video_rgb_resampler_0"
Info: video_scaler_0: Starting Generation of Video Scaler
Info: video_scaler_0: "nios2_system" instantiated altera_up_avalon_video_scaler "video_scaler_0"
Info: video_dual_clock_buffer_0: Starting Generation of the Dual Clock Buffer
Info: video_dual_clock_buffer_0: "nios2_system" instantiated altera_up_avalon_video_dual_clock_buffer "video_dual_clock_buffer_0"
Info: video_vga_controller_0: Starting Generation of VGA Controller
Info: video_vga_controller_0: "nios2_system" instantiated altera_up_avalon_video_vga_controller "video_vga_controller_0"
Info: video_character_buffer_with_dma_0: Starting Generation of Character Buffer
Info: video_character_buffer_with_dma_0: "nios2_system" instantiated altera_up_avalon_video_character_buffer_with_dma "video_character_buffer_with_dma_0"
Info: video_alpha_blender_0: Starting Generation of the Alpha Blender
Info: video_alpha_blender_0: "nios2_system" instantiated altera_up_avalon_video_alpha_blender "video_alpha_blender_0"
Info: sdcard_timer: Starting RTL generation for module 'nios2_system_sdcard_timer'
Info: sdcard_timer:   Generation command is [exec C:/altera/13.0sp1/quartus/bin/perl/bin/perl.exe -I C:/altera/13.0sp1/quartus/common/ip/altera/common/perl/5.8.3 -I C:/altera/13.0sp1/quartus/sopc_builder/bin/europa -I C:/altera/13.0sp1/quartus/sopc_builder/bin/perl_lib -I C:/altera/13.0sp1/quartus/sopc_builder/bin -I C:/altera/13.0sp1/quartus/../ip/altera/sopc_builder_ip/common -I C:/altera/13.0sp1/quartus/../ip/altera/sopc_builder_ip/altera_avalon_timer -- C:/altera/13.0sp1/quartus/../ip/altera/sopc_builder_ip/altera_avalon_timer/generate_rtl.pl --name=nios2_system_sdcard_timer --dir=C:/Users/Harry/AppData/Local/Temp/alt6341_7871051236522543692.dir/0230_sdcard_timer_gen/ --quartus_dir=C:/altera/13.0sp1/quartus --verilog --config=C:/Users/Harry/AppData/Local/Temp/alt6341_7871051236522543692.dir/0230_sdcard_timer_gen//nios2_system_sdcard_timer_component_configuration.pl  --do_build_sim=0  ]
Info: sdcard_timer: Done RTL generation for module 'nios2_system_sdcard_timer'
Info: sdcard_timer: "nios2_system" instantiated altera_avalon_timer "sdcard_timer"
Info: Altera_UP_SD_Card_Avalon_Interface_0: "nios2_system" instantiated Altera_UP_SD_Card_Avalon_Interface "Altera_UP_SD_Card_Avalon_Interface_0"
Info: ps2_0: Starting Generation of PS2 Controller
Info: ps2_0: "nios2_system" instantiated altera_up_avalon_ps2 "ps2_0"
Info: sram_0: Starting Generation of SRAM or SSRAM Controller
Info: sram_0: "nios2_system" instantiated altera_up_avalon_sram "sram_0"
Info: audio_0: Starting Generation of Audio Controller
Info: audio_0: "nios2_system" instantiated altera_up_avalon_audio "audio_0"
Info: pixel_drawer_0: "nios2_system" instantiated pixel_drawer "pixel_drawer_0"
Info: nios2_system_instruction_master_translator: "nios2_system" instantiated altera_merlin_master_translator "nios2_system_instruction_master_translator"
Info: nios2_system_jtag_debug_module_translator: "nios2_system" instantiated altera_merlin_slave_translator "nios2_system_jtag_debug_module_translator"
Info: nios2_system_instruction_master_translator_avalon_universal_master_0_agent: "nios2_system" instantiated altera_merlin_master_agent "nios2_system_instruction_master_translator_avalon_universal_master_0_agent"
Info: nios2_system_jtag_debug_module_translator_avalon_universal_slave_0_agent: "nios2_system" instantiated altera_merlin_slave_agent "nios2_system_jtag_debug_module_translator_avalon_universal_slave_0_agent"
Info: nios2_system_jtag_debug_module_translator_avalon_universal_slave_0_agent_rsp_fifo: "nios2_system" instantiated altera_avalon_sc_fifo "nios2_system_jtag_debug_module_translator_avalon_universal_slave_0_agent_rsp_fifo"
Info: addr_router: "nios2_system" instantiated altera_merlin_router "addr_router"
Info: addr_router_001: "nios2_system" instantiated altera_merlin_router "addr_router_001"
Info: addr_router_002: "nios2_system" instantiated altera_merlin_router "addr_router_002"
Info: addr_router_003: "nios2_system" instantiated altera_merlin_router "addr_router_003"
Info: id_router: "nios2_system" instantiated altera_merlin_router "id_router"
Info: id_router_002: "nios2_system" instantiated altera_merlin_router "id_router_002"
Info: id_router_011: "nios2_system" instantiated altera_merlin_router "id_router_011"
Info: id_router_012: "nios2_system" instantiated altera_merlin_router "id_router_012"
Info: id_router_016: "nios2_system" instantiated altera_merlin_router "id_router_016"
Info: limiter: "nios2_system" instantiated altera_merlin_traffic_limiter "limiter"
Info: burst_adapter: "nios2_system" instantiated altera_merlin_burst_adapter "burst_adapter"
Info: rst_controller: "nios2_system" instantiated altera_reset_controller "rst_controller"
Info: cmd_xbar_demux: "nios2_system" instantiated altera_merlin_demultiplexer "cmd_xbar_demux"
Info: cmd_xbar_demux_001: "nios2_system" instantiated altera_merlin_demultiplexer "cmd_xbar_demux_001"
Info: cmd_xbar_demux_002: "nios2_system" instantiated altera_merlin_demultiplexer "cmd_xbar_demux_002"
Info: cmd_xbar_mux: "nios2_system" instantiated altera_merlin_multiplexer "cmd_xbar_mux"
Info: cmd_xbar_mux_002: "nios2_system" instantiated altera_merlin_multiplexer "cmd_xbar_mux_002"
Info: Reusing file C:/Users/Harry/Documents/UBC/EECE381/Module1/nios2_system/synthesis/submodules/altera_merlin_arbitrator.sv
Info: cmd_xbar_mux_016: "nios2_system" instantiated altera_merlin_multiplexer "cmd_xbar_mux_016"
Info: Reusing file C:/Users/Harry/Documents/UBC/EECE381/Module1/nios2_system/synthesis/submodules/altera_merlin_arbitrator.sv
Info: rsp_xbar_demux: "nios2_system" instantiated altera_merlin_demultiplexer "rsp_xbar_demux"
Info: rsp_xbar_demux_002: "nios2_system" instantiated altera_merlin_demultiplexer "rsp_xbar_demux_002"
Info: rsp_xbar_demux_011: "nios2_system" instantiated altera_merlin_demultiplexer "rsp_xbar_demux_011"
Info: rsp_xbar_demux_012: "nios2_system" instantiated altera_merlin_demultiplexer "rsp_xbar_demux_012"
Info: rsp_xbar_demux_016: "nios2_system" instantiated altera_merlin_demultiplexer "rsp_xbar_demux_016"
Info: rsp_xbar_mux: "nios2_system" instantiated altera_merlin_multiplexer "rsp_xbar_mux"
Info: Reusing file C:/Users/Harry/Documents/UBC/EECE381/Module1/nios2_system/synthesis/submodules/altera_merlin_arbitrator.sv
Info: rsp_xbar_mux_001: "nios2_system" instantiated altera_merlin_multiplexer "rsp_xbar_mux_001"
Info: Reusing file C:/Users/Harry/Documents/UBC/EECE381/Module1/nios2_system/synthesis/submodules/altera_merlin_arbitrator.sv
Info: width_adapter: "nios2_system" instantiated altera_merlin_width_adapter "width_adapter"
Info: Reusing file C:/Users/Harry/Documents/UBC/EECE381/Module1/nios2_system/synthesis/submodules/altera_merlin_address_alignment.sv
Info: Reusing file C:/Users/Harry/Documents/UBC/EECE381/Module1/nios2_system/synthesis/submodules/altera_merlin_burst_uncompressor.sv
Info: irq_mapper: "nios2_system" instantiated altera_irq_mapper "irq_mapper"
Info: nios2_system: Done nios2_system" with 56 modules, 272 files, 5574120 bytes
Info: ip-generate succeeded.
Info: Finished: Create HDL design files for synthesis
