Info: Starting: Create block symbol file (.bsf)
Info: ip-generate --project-directory=C:/Users/Adam/Dropbox/EECE_381/Module_1/Exercises/Exercise_1.5/ --output-directory=C:/Users/Adam/Dropbox/EECE_381/Module_1/Exercises/Exercise_1.5/VGA_Graphics/ --report-file=bsf:C:/Users/Adam/Dropbox/EECE_381/Module_1/Exercises/Exercise_1.5/VGA_Graphics.bsf --system-info=DEVICE_FAMILY="Cyclone II" --system-info=DEVICE=EP2C35F672C6 --system-info=DEVICE_SPEEDGRADE=6 --component-file=C:/Users/Adam/Dropbox/EECE_381/Module_1/Exercises/Exercise_1.5/VGA_Graphics.qsys
Progress: Loading Exercise_1.5/VGA_Graphics.qsys
Progress: Reading input file
Progress: Adding clk_0 [clock_source 13.0]
Progress: Parameterizing module clk_0
Progress: Adding nios2_qsys_0 [altera_nios2_qsys 13.0]
Progress: Parameterizing module nios2_qsys_0
Progress: Adding onchip_memory2_0 [altera_avalon_onchip_memory2 13.0.1.99.2]
Progress: Parameterizing module onchip_memory2_0
Progress: Adding jtag_uart_0 [altera_avalon_jtag_uart 13.0.1.99.2]
Progress: Parameterizing module jtag_uart_0
Progress: Adding sdram [altera_avalon_new_sdram_controller 13.0.1.99.2]
Progress: Parameterizing module sdram
Progress: Adding clocks [altera_up_clocks 13.0]
Progress: Parameterizing module clocks
Progress: Adding sram_0 [altera_up_avalon_sram 13.0]
Progress: Parameterizing module sram_0
Progress: Adding video_pixel_buffer_dma_0 [altera_up_avalon_video_pixel_buffer_dma 13.0]
Progress: Parameterizing module video_pixel_buffer_dma_0
Progress: Adding video_rgb_resampler_0 [altera_up_avalon_video_rgb_resampler 13.0]
Progress: Parameterizing module video_rgb_resampler_0
Progress: Adding video_scaler_0 [altera_up_avalon_video_scaler 13.0]
Progress: Parameterizing module video_scaler_0
Progress: Adding video_dual_clock_buffer_0 [altera_up_avalon_video_dual_clock_buffer 13.0]
Progress: Parameterizing module video_dual_clock_buffer_0
Progress: Adding video_vga_controller_0 [altera_up_avalon_video_vga_controller 13.0]
Progress: Parameterizing module video_vga_controller_0
Progress: Adding video_character_buffer_with_dma_0 [altera_up_avalon_video_character_buffer_with_dma 13.0]
Progress: Parameterizing module video_character_buffer_with_dma_0
Progress: Adding video_alpha_blender_0 [altera_up_avalon_video_alpha_blender 13.0]
Progress: Parameterizing module video_alpha_blender_0
Progress: Adding pixel_drawer [pixel_drawer 1.0]
Progress: Parameterizing module pixel_drawer
Progress: Building connections
Progress: Parameterizing connections
Progress: Validating
Progress: Done reading input file
Info: VGA_Graphics.video_rgb_resampler_0: RGB Resampling: 16 (bits) x 1 (planes) -> 10 (bits) x 3 (planes)
Info: VGA_Graphics.video_scaler_0: Change in Resolution: 320 x 240 -> 640 x 480
Info: VGA_Graphics.video_vga_controller_0: Video Output Stream: Format: 640 x 480 with Color: 10 (bits) x 3 (planes)
Info: VGA_Graphics.video_character_buffer_with_dma_0: Character Resolution: 80 x 60
Info: ip-generate succeeded.
Info: Finished: Create block symbol file (.bsf)
Info: 
Info: Starting: Create HDL design files for synthesis
Info: ip-generate --project-directory=C:/Users/Adam/Dropbox/EECE_381/Module_1/Exercises/Exercise_1.5/ --output-directory=C:/Users/Adam/Dropbox/EECE_381/Module_1/Exercises/Exercise_1.5/VGA_Graphics/synthesis/ --file-set=QUARTUS_SYNTH --report-file=sopcinfo:C:/Users/Adam/Dropbox/EECE_381/Module_1/Exercises/Exercise_1.5/VGA_Graphics.sopcinfo --report-file=html:C:/Users/Adam/Dropbox/EECE_381/Module_1/Exercises/Exercise_1.5/VGA_Graphics.html --report-file=qip:C:/Users/Adam/Dropbox/EECE_381/Module_1/Exercises/Exercise_1.5/VGA_Graphics/synthesis/VGA_Graphics.qip --report-file=cmp:C:/Users/Adam/Dropbox/EECE_381/Module_1/Exercises/Exercise_1.5/VGA_Graphics.cmp --report-file=svd --system-info=DEVICE_FAMILY="Cyclone II" --system-info=DEVICE=EP2C35F672C6 --system-info=DEVICE_SPEEDGRADE=6 --component-file=C:/Users/Adam/Dropbox/EECE_381/Module_1/Exercises/Exercise_1.5/VGA_Graphics.qsys --language=VERILOG
Progress: Loading Exercise_1.5/VGA_Graphics.qsys
Progress: Reading input file
Progress: Adding clk_0 [clock_source 13.0]
Progress: Parameterizing module clk_0
Progress: Adding nios2_qsys_0 [altera_nios2_qsys 13.0]
Progress: Parameterizing module nios2_qsys_0
Progress: Adding onchip_memory2_0 [altera_avalon_onchip_memory2 13.0.1.99.2]
Progress: Parameterizing module onchip_memory2_0
Progress: Adding jtag_uart_0 [altera_avalon_jtag_uart 13.0.1.99.2]
Progress: Parameterizing module jtag_uart_0
Progress: Adding sdram [altera_avalon_new_sdram_controller 13.0.1.99.2]
Progress: Parameterizing module sdram
Progress: Adding clocks [altera_up_clocks 13.0]
Progress: Parameterizing module clocks
Progress: Adding sram_0 [altera_up_avalon_sram 13.0]
Progress: Parameterizing module sram_0
Progress: Adding video_pixel_buffer_dma_0 [altera_up_avalon_video_pixel_buffer_dma 13.0]
Progress: Parameterizing module video_pixel_buffer_dma_0
Progress: Adding video_rgb_resampler_0 [altera_up_avalon_video_rgb_resampler 13.0]
Progress: Parameterizing module video_rgb_resampler_0
Progress: Adding video_scaler_0 [altera_up_avalon_video_scaler 13.0]
Progress: Parameterizing module video_scaler_0
Progress: Adding video_dual_clock_buffer_0 [altera_up_avalon_video_dual_clock_buffer 13.0]
Progress: Parameterizing module video_dual_clock_buffer_0
Progress: Adding video_vga_controller_0 [altera_up_avalon_video_vga_controller 13.0]
Progress: Parameterizing module video_vga_controller_0
Progress: Adding video_character_buffer_with_dma_0 [altera_up_avalon_video_character_buffer_with_dma 13.0]
Progress: Parameterizing module video_character_buffer_with_dma_0
Progress: Adding video_alpha_blender_0 [altera_up_avalon_video_alpha_blender 13.0]
Progress: Parameterizing module video_alpha_blender_0
Progress: Adding pixel_drawer [pixel_drawer 1.0]
Progress: Parameterizing module pixel_drawer
Progress: Building connections
Progress: Parameterizing connections
Progress: Validating
Progress: Done reading input file
Info: VGA_Graphics.video_rgb_resampler_0: RGB Resampling: 16 (bits) x 1 (planes) -> 10 (bits) x 3 (planes)
Info: VGA_Graphics.video_scaler_0: Change in Resolution: 320 x 240 -> 640 x 480
Info: VGA_Graphics.video_vga_controller_0: Video Output Stream: Format: 640 x 480 with Color: 10 (bits) x 3 (planes)
Info: VGA_Graphics.video_character_buffer_with_dma_0: Character Resolution: 80 x 60
Info: VGA_Graphics: Generating VGA_Graphics "VGA_Graphics" for QUARTUS_SYNTH
Info: pipeline_bridge_swap_transform: After transform: 15 modules, 66 connections
Info: No custom instruction connections, skipping transform 
Info: merlin_translator_transform: After transform: 28 modules, 118 connections
Info: merlin_domain_transform: After transform: 53 modules, 283 connections
Info: merlin_router_transform: After transform: 66 modules, 335 connections
Info: merlin_burst_transform: After transform: 69 modules, 347 connections
Info: reset_adaptation_transform: After transform: 72 modules, 275 connections
Info: merlin_network_to_switch_transform: After transform: 97 modules, 329 connections
Info: merlin_width_transform: After transform: 105 modules, 353 connections
Info: merlin_mm_transform: After transform: 105 modules, 353 connections
Info: merlin_interrupt_mapper_transform: After transform: 106 modules, 356 connections
Warning: VGA_Graphics: "No matching role found for rst_controller:reset_out:reset_req (reset_req)"
Warning: VGA_Graphics: "No matching role found for rst_controller:reset_out:reset_req (reset_req)"
Warning: VGA_Graphics: "No matching role found for rst_controller:reset_out:reset_req (reset_req)"
Warning: VGA_Graphics: "No matching role found for rst_controller:reset_out:reset_req (reset_req)"
Warning: VGA_Graphics: "No matching role found for rst_controller:reset_out:reset_req (reset_req)"
Warning: VGA_Graphics: "No matching role found for rst_controller:reset_out:reset_req (reset_req)"
Warning: VGA_Graphics: "No matching role found for rst_controller:reset_out:reset_req (reset_req)"
Warning: VGA_Graphics: "No matching role found for rst_controller:reset_out:reset_req (reset_req)"
Warning: VGA_Graphics: "No matching role found for rst_controller:reset_out:reset_req (reset_req)"
Warning: VGA_Graphics: "No matching role found for rst_controller:reset_out:reset_req (reset_req)"
Warning: VGA_Graphics: "No matching role found for rst_controller:reset_out:reset_req (reset_req)"
Warning: VGA_Graphics: "No matching role found for rst_controller:reset_out:reset_req (reset_req)"
Warning: VGA_Graphics: "No matching role found for rst_controller:reset_out:reset_req (reset_req)"
Warning: VGA_Graphics: "No matching role found for rst_controller:reset_out:reset_req (reset_req)"
Warning: VGA_Graphics: "No matching role found for rst_controller:reset_out:reset_req (reset_req)"
Warning: VGA_Graphics: "No matching role found for rst_controller:reset_out:reset_req (reset_req)"
Warning: VGA_Graphics: "No matching role found for rst_controller:reset_out:reset_req (reset_req)"
Warning: VGA_Graphics: "No matching role found for rst_controller:reset_out:reset_req (reset_req)"
Warning: VGA_Graphics: "No matching role found for rst_controller:reset_out:reset_req (reset_req)"
Warning: VGA_Graphics: "No matching role found for rst_controller:reset_out:reset_req (reset_req)"
Warning: VGA_Graphics: "No matching role found for rst_controller:reset_out:reset_req (reset_req)"
Warning: VGA_Graphics: "No matching role found for rst_controller:reset_out:reset_req (reset_req)"
Warning: VGA_Graphics: "No matching role found for rst_controller:reset_out:reset_req (reset_req)"
Warning: VGA_Graphics: "No matching role found for rst_controller:reset_out:reset_req (reset_req)"
Warning: VGA_Graphics: "No matching role found for rst_controller:reset_out:reset_req (reset_req)"
Warning: VGA_Graphics: "No matching role found for rst_controller:reset_out:reset_req (reset_req)"
Warning: VGA_Graphics: "No matching role found for rst_controller:reset_out:reset_req (reset_req)"
Warning: VGA_Graphics: "No matching role found for rst_controller:reset_out:reset_req (reset_req)"
Warning: VGA_Graphics: "No matching role found for rst_controller:reset_out:reset_req (reset_req)"
Warning: VGA_Graphics: "No matching role found for rst_controller:reset_out:reset_req (reset_req)"
Warning: VGA_Graphics: "No matching role found for rst_controller:reset_out:reset_req (reset_req)"
Warning: VGA_Graphics: "No matching role found for rst_controller:reset_out:reset_req (reset_req)"
Warning: VGA_Graphics: "No matching role found for rst_controller:reset_out:reset_req (reset_req)"
Warning: VGA_Graphics: "No matching role found for rst_controller:reset_out:reset_req (reset_req)"
Warning: VGA_Graphics: "No matching role found for rst_controller:reset_out:reset_req (reset_req)"
Warning: VGA_Graphics: "No matching role found for rst_controller:reset_out:reset_req (reset_req)"
Warning: VGA_Graphics: "No matching role found for rst_controller:reset_out:reset_req (reset_req)"
Warning: VGA_Graphics: "No matching role found for rst_controller:reset_out:reset_req (reset_req)"
Warning: VGA_Graphics: "No matching role found for rst_controller:reset_out:reset_req (reset_req)"
Warning: VGA_Graphics: "No matching role found for rst_controller:reset_out:reset_req (reset_req)"
Warning: VGA_Graphics: "No matching role found for rst_controller:reset_out:reset_req (reset_req)"
Warning: VGA_Graphics: "No matching role found for rst_controller:reset_out:reset_req (reset_req)"
Warning: VGA_Graphics: "No matching role found for rst_controller:reset_out:reset_req (reset_req)"
Warning: VGA_Graphics: "No matching role found for rst_controller:reset_out:reset_req (reset_req)"
Warning: VGA_Graphics: "No matching role found for rst_controller:reset_out:reset_req (reset_req)"
Warning: VGA_Graphics: "No matching role found for rst_controller:reset_out:reset_req (reset_req)"
Warning: VGA_Graphics: "No matching role found for rst_controller:reset_out:reset_req (reset_req)"
Warning: VGA_Graphics: "No matching role found for rst_controller:reset_out:reset_req (reset_req)"
Warning: VGA_Graphics: "No matching role found for rst_controller:reset_out:reset_req (reset_req)"
Warning: VGA_Graphics: "No matching role found for rst_controller:reset_out:reset_req (reset_req)"
Warning: VGA_Graphics: "No matching role found for rst_controller:reset_out:reset_req (reset_req)"
Warning: VGA_Graphics: "No matching role found for rst_controller:reset_out:reset_req (reset_req)"
Warning: VGA_Graphics: "No matching role found for rst_controller:reset_out:reset_req (reset_req)"
Warning: VGA_Graphics: "No matching role found for rst_controller:reset_out:reset_req (reset_req)"
Warning: VGA_Graphics: "No matching role found for rst_controller:reset_out:reset_req (reset_req)"
Warning: VGA_Graphics: "No matching role found for rst_controller:reset_out:reset_req (reset_req)"
Warning: VGA_Graphics: "No matching role found for rst_controller:reset_out:reset_req (reset_req)"
Warning: VGA_Graphics: "No matching role found for rst_controller:reset_out:reset_req (reset_req)"
Warning: VGA_Graphics: "No matching role found for rst_controller:reset_out:reset_req (reset_req)"
Warning: VGA_Graphics: "No matching role found for rst_controller:reset_out:reset_req (reset_req)"
Warning: VGA_Graphics: "No matching role found for rst_controller:reset_out:reset_req (reset_req)"
Warning: VGA_Graphics: "No matching role found for rst_controller:reset_out:reset_req (reset_req)"
Warning: VGA_Graphics: "No matching role found for rst_controller:reset_out:reset_req (reset_req)"
Warning: VGA_Graphics: "No matching role found for rst_controller:reset_out:reset_req (reset_req)"
Warning: VGA_Graphics: "No matching role found for rst_controller:reset_out:reset_req (reset_req)"
Warning: VGA_Graphics: "No matching role found for rst_controller:reset_out:reset_req (reset_req)"
Warning: VGA_Graphics: "No matching role found for rst_controller:reset_out:reset_req (reset_req)"
Warning: VGA_Graphics: "No matching role found for rst_controller:reset_out:reset_req (reset_req)"
Warning: VGA_Graphics: "No matching role found for rst_controller:reset_out:reset_req (reset_req)"
Warning: VGA_Graphics: "No matching role found for rst_controller:reset_out:reset_req (reset_req)"
Warning: VGA_Graphics: "No matching role found for rst_controller:reset_out:reset_req (reset_req)"
Warning: VGA_Graphics: "No matching role found for rst_controller:reset_out:reset_req (reset_req)"
Warning: VGA_Graphics: "No matching role found for rst_controller:reset_out:reset_req (reset_req)"
Warning: VGA_Graphics: "No matching role found for rst_controller:reset_out:reset_req (reset_req)"
Warning: VGA_Graphics: "No matching role found for rst_controller:reset_out:reset_req (reset_req)"
Warning: VGA_Graphics: "No matching role found for rst_controller:reset_out:reset_req (reset_req)"
Warning: VGA_Graphics: "No matching role found for rst_controller:reset_out:reset_req (reset_req)"
Warning: VGA_Graphics: "No matching role found for rst_controller:reset_out:reset_req (reset_req)"
Warning: VGA_Graphics: "No matching role found for rst_controller:reset_out:reset_req (reset_req)"
Warning: VGA_Graphics: "No matching role found for rst_controller:reset_out:reset_req (reset_req)"
Warning: VGA_Graphics: "No matching role found for rst_controller:reset_out:reset_req (reset_req)"
Warning: VGA_Graphics: "No matching role found for rst_controller:reset_out:reset_req (reset_req)"
Warning: VGA_Graphics: "No matching role found for rst_controller:reset_out:reset_req (reset_req)"
Warning: VGA_Graphics: "No matching role found for rst_controller:reset_out:reset_req (reset_req)"
Warning: VGA_Graphics: "No matching role found for rst_controller:reset_out:reset_req (reset_req)"
Warning: VGA_Graphics: "No matching role found for rst_controller:reset_out:reset_req (reset_req)"
Warning: VGA_Graphics: "No matching role found for rst_controller:reset_out:reset_req (reset_req)"
Warning: VGA_Graphics: "No matching role found for rst_controller:reset_out:reset_req (reset_req)"
Warning: VGA_Graphics: "No matching role found for rst_controller:reset_out:reset_req (reset_req)"
Warning: VGA_Graphics: "No matching role found for rst_controller:reset_out:reset_req (reset_req)"
Warning: VGA_Graphics: "No matching role found for rst_controller:reset_out:reset_req (reset_req)"
Warning: VGA_Graphics: "No matching role found for rst_controller:reset_out:reset_req (reset_req)"
Warning: VGA_Graphics: "No matching role found for rst_controller:reset_out:reset_req (reset_req)"
Warning: VGA_Graphics: "No matching role found for rst_controller:reset_out:reset_req (reset_req)"
Warning: VGA_Graphics: "No matching role found for rst_controller:reset_out:reset_req (reset_req)"
Warning: VGA_Graphics: "No matching role found for rst_controller:reset_out:reset_req (reset_req)"
Warning: VGA_Graphics: "No matching role found for rst_controller:reset_out:reset_req (reset_req)"
Warning: VGA_Graphics: "No matching role found for rst_controller:reset_out:reset_req (reset_req)"
Warning: VGA_Graphics: "No matching role found for rst_controller:reset_out:reset_req (reset_req)"
Info: nios2_qsys_0: Starting RTL generation for module 'VGA_Graphics_nios2_qsys_0'
Info: nios2_qsys_0:   Generation command is [exec C:/altera/13.0sp1/quartus/../ip/altera/nios2_ip/altera_nios2/eperl.exe -I C:/altera/13.0sp1/quartus/common/ip/altera/common/perl/5.8.3 -I C:/altera/13.0sp1/quartus/sopc_builder/bin/europa -I C:/altera/13.0sp1/quartus/sopc_builder/bin/perl_lib -I C:/altera/13.0sp1/quartus/sopc_builder/bin -I C:/altera/13.0sp1/quartus/../ip/altera/nios2_ip/altera_nios2/cpu_lib -I C:/altera/13.0sp1/quartus/../ip/altera/nios2_ip/altera_nios2/nios_lib -I C:/altera/13.0sp1/quartus/../ip/altera/nios2_ip/altera_nios2 -I C:/altera/13.0sp1/quartus/../ip/altera/nios2_ip/altera_nios2 -- C:/altera/13.0sp1/quartus/../ip/altera/nios2_ip/altera_nios2/generate_rtl.epl --name=VGA_Graphics_nios2_qsys_0 --dir=C:/Users/Adam/AppData/Local/Temp/alt6345_7767362140434663638.dir/0001_nios2_qsys_0_gen/ --quartus_dir=C:/altera/13.0sp1/quartus --verilog --config=C:/Users/Adam/AppData/Local/Temp/alt6345_7767362140434663638.dir/0001_nios2_qsys_0_gen//VGA_Graphics_nios2_qsys_0_processor_configuration.pl  --do_build_sim=0    --bogus  ]
Info: nios2_qsys_0: # 2014.10.01 20:37:49 (*) Starting Nios II generation
Info: nios2_qsys_0: # 2014.10.01 20:37:49 (*)   Checking for plaintext license.
Info: nios2_qsys_0: # 2014.10.01 20:37:49 (*)   Couldn't query license setup in Quartus directory C:/altera/13.0sp1/quartus
Info: nios2_qsys_0: # 2014.10.01 20:37:49 (*)   Defaulting to contents of LM_LICENSE_FILE environment variable
Info: nios2_qsys_0: # 2014.10.01 20:37:49 (*)   LM_LICENSE_FILE environment variable is empty
Info: nios2_qsys_0: # 2014.10.01 20:37:49 (*)   Plaintext license not found.
Info: nios2_qsys_0: # 2014.10.01 20:37:49 (*)   No license required to generate encrypted Nios II/e.
Info: nios2_qsys_0: # 2014.10.01 20:37:49 (*)   Elaborating CPU configuration settings
Info: nios2_qsys_0: # 2014.10.01 20:37:49 (*)   Creating all objects for CPU
Info: nios2_qsys_0: # 2014.10.01 20:37:50 (*)   Generating RTL from CPU objects
Info: nios2_qsys_0: # 2014.10.01 20:37:50 (*)   Creating plain-text RTL
Info: nios2_qsys_0: # 2014.10.01 20:37:53 (*) Done Nios II generation
Info: nios2_qsys_0: Done RTL generation for module 'VGA_Graphics_nios2_qsys_0'
Info: nios2_qsys_0: "VGA_Graphics" instantiated altera_nios2_qsys "nios2_qsys_0"
Info: onchip_memory2_0: Starting RTL generation for module 'VGA_Graphics_onchip_memory2_0'
Info: onchip_memory2_0:   Generation command is [exec C:/altera/13.0sp1/quartus/bin/perl/bin/perl.exe -I C:/altera/13.0sp1/quartus/common/ip/altera/common/perl/5.8.3 -I C:/altera/13.0sp1/quartus/sopc_builder/bin/europa -I C:/altera/13.0sp1/quartus/sopc_builder/bin/perl_lib -I C:/altera/13.0sp1/quartus/sopc_builder/bin -I C:/altera/13.0sp1/quartus/../ip/altera/sopc_builder_ip/common -I C:/altera/13.0sp1/quartus/../ip/altera/sopc_builder_ip/altera_avalon_onchip_memory2 -- C:/altera/13.0sp1/quartus/../ip/altera/sopc_builder_ip/altera_avalon_onchip_memory2/generate_rtl.pl --name=VGA_Graphics_onchip_memory2_0 --dir=C:/Users/Adam/AppData/Local/Temp/alt6345_7767362140434663638.dir/0002_onchip_memory2_0_gen/ --quartus_dir=C:/altera/13.0sp1/quartus --verilog --config=C:/Users/Adam/AppData/Local/Temp/alt6345_7767362140434663638.dir/0002_onchip_memory2_0_gen//VGA_Graphics_onchip_memory2_0_component_configuration.pl  --do_build_sim=0  ]
Info: onchip_memory2_0: Done RTL generation for module 'VGA_Graphics_onchip_memory2_0'
Info: onchip_memory2_0: "VGA_Graphics" instantiated altera_avalon_onchip_memory2 "onchip_memory2_0"
Info: jtag_uart_0: Starting RTL generation for module 'VGA_Graphics_jtag_uart_0'
Info: jtag_uart_0:   Generation command is [exec C:/altera/13.0sp1/quartus/bin/perl/bin/perl.exe -I C:/altera/13.0sp1/quartus/common/ip/altera/common/perl/5.8.3 -I C:/altera/13.0sp1/quartus/sopc_builder/bin/europa -I C:/altera/13.0sp1/quartus/sopc_builder/bin/perl_lib -I C:/altera/13.0sp1/quartus/sopc_builder/bin -I C:/altera/13.0sp1/quartus/../ip/altera/sopc_builder_ip/common -I C:/altera/13.0sp1/quartus/../ip/altera/sopc_builder_ip/altera_avalon_jtag_uart -- C:/altera/13.0sp1/quartus/../ip/altera/sopc_builder_ip/altera_avalon_jtag_uart/generate_rtl.pl --name=VGA_Graphics_jtag_uart_0 --dir=C:/Users/Adam/AppData/Local/Temp/alt6345_7767362140434663638.dir/0003_jtag_uart_0_gen/ --quartus_dir=C:/altera/13.0sp1/quartus --verilog --config=C:/Users/Adam/AppData/Local/Temp/alt6345_7767362140434663638.dir/0003_jtag_uart_0_gen//VGA_Graphics_jtag_uart_0_component_configuration.pl  --do_build_sim=0  ]
Info: jtag_uart_0: Done RTL generation for module 'VGA_Graphics_jtag_uart_0'
Info: jtag_uart_0: "VGA_Graphics" instantiated altera_avalon_jtag_uart "jtag_uart_0"
Info: sdram: Starting RTL generation for module 'VGA_Graphics_sdram'
Info: sdram:   Generation command is [exec C:/altera/13.0sp1/quartus/bin/perl/bin/perl.exe -I C:/altera/13.0sp1/quartus/common/ip/altera/common/perl/5.8.3 -I C:/altera/13.0sp1/quartus/sopc_builder/bin/europa -I C:/altera/13.0sp1/quartus/sopc_builder/bin/perl_lib -I C:/altera/13.0sp1/quartus/sopc_builder/bin -I C:/altera/13.0sp1/quartus/../ip/altera/sopc_builder_ip/common -I C:/altera/13.0sp1/quartus/../ip/altera/sopc_builder_ip/altera_avalon_new_sdram_controller -- C:/altera/13.0sp1/quartus/../ip/altera/sopc_builder_ip/altera_avalon_new_sdram_controller/generate_rtl.pl --name=VGA_Graphics_sdram --dir=C:/Users/Adam/AppData/Local/Temp/alt6345_7767362140434663638.dir/0004_sdram_gen/ --quartus_dir=C:/altera/13.0sp1/quartus --verilog --config=C:/Users/Adam/AppData/Local/Temp/alt6345_7767362140434663638.dir/0004_sdram_gen//VGA_Graphics_sdram_component_configuration.pl  --do_build_sim=0  ]
Info: sdram: Done RTL generation for module 'VGA_Graphics_sdram'
Info: sdram: "VGA_Graphics" instantiated altera_avalon_new_sdram_controller "sdram"
Info: clocks: Starting Generation of Required Clocks for DE-Series Boards
Info: clocks: "VGA_Graphics" instantiated altera_up_clocks "clocks"
Info: sram_0: Starting Generation of SRAM or SSRAM Controller
Info: sram_0: "VGA_Graphics" instantiated altera_up_avalon_sram "sram_0"
Info: video_pixel_buffer_dma_0: Starting Generation of VGA Pixel Buffer
Info: video_pixel_buffer_dma_0: "VGA_Graphics" instantiated altera_up_avalon_video_pixel_buffer_dma "video_pixel_buffer_dma_0"
Info: video_rgb_resampler_0: Starting Generation of Video RGB Resampler
Info: video_rgb_resampler_0: "VGA_Graphics" instantiated altera_up_avalon_video_rgb_resampler "video_rgb_resampler_0"
Info: video_scaler_0: Starting Generation of Video Scaler
Info: video_scaler_0: "VGA_Graphics" instantiated altera_up_avalon_video_scaler "video_scaler_0"
Info: video_dual_clock_buffer_0: Starting Generation of the Dual Clock Buffer
Info: video_dual_clock_buffer_0: "VGA_Graphics" instantiated altera_up_avalon_video_dual_clock_buffer "video_dual_clock_buffer_0"
Info: video_vga_controller_0: Starting Generation of VGA Controller
Info: video_vga_controller_0: "VGA_Graphics" instantiated altera_up_avalon_video_vga_controller "video_vga_controller_0"
Info: video_character_buffer_with_dma_0: Starting Generation of Character Buffer
Info: video_character_buffer_with_dma_0: "VGA_Graphics" instantiated altera_up_avalon_video_character_buffer_with_dma "video_character_buffer_with_dma_0"
Info: video_alpha_blender_0: Starting Generation of the Alpha Blender
Info: video_alpha_blender_0: "VGA_Graphics" instantiated altera_up_avalon_video_alpha_blender "video_alpha_blender_0"
Info: pixel_drawer: "VGA_Graphics" instantiated pixel_drawer "pixel_drawer"
Info: nios2_qsys_0_instruction_master_translator: "VGA_Graphics" instantiated altera_merlin_master_translator "nios2_qsys_0_instruction_master_translator"
Info: nios2_qsys_0_jtag_debug_module_translator: "VGA_Graphics" instantiated altera_merlin_slave_translator "nios2_qsys_0_jtag_debug_module_translator"
Info: nios2_qsys_0_instruction_master_translator_avalon_universal_master_0_agent: "VGA_Graphics" instantiated altera_merlin_master_agent "nios2_qsys_0_instruction_master_translator_avalon_universal_master_0_agent"
Info: nios2_qsys_0_jtag_debug_module_translator_avalon_universal_slave_0_agent: "VGA_Graphics" instantiated altera_merlin_slave_agent "nios2_qsys_0_jtag_debug_module_translator_avalon_universal_slave_0_agent"
Info: nios2_qsys_0_jtag_debug_module_translator_avalon_universal_slave_0_agent_rsp_fifo: "VGA_Graphics" instantiated altera_avalon_sc_fifo "nios2_qsys_0_jtag_debug_module_translator_avalon_universal_slave_0_agent_rsp_fifo"
Info: addr_router: "VGA_Graphics" instantiated altera_merlin_router "addr_router"
Info: addr_router_001: "VGA_Graphics" instantiated altera_merlin_router "addr_router_001"
Info: addr_router_002: "VGA_Graphics" instantiated altera_merlin_router "addr_router_002"
Info: id_router: "VGA_Graphics" instantiated altera_merlin_router "id_router"
Info: id_router_002: "VGA_Graphics" instantiated altera_merlin_router "id_router_002"
Info: id_router_003: "VGA_Graphics" instantiated altera_merlin_router "id_router_003"
Info: id_router_004: "VGA_Graphics" instantiated altera_merlin_router "id_router_004"
Info: id_router_007: "VGA_Graphics" instantiated altera_merlin_router "id_router_007"
Info: burst_adapter: "VGA_Graphics" instantiated altera_merlin_burst_adapter "burst_adapter"
Info: rst_controller: "VGA_Graphics" instantiated altera_reset_controller "rst_controller"
Info: cmd_xbar_demux: "VGA_Graphics" instantiated altera_merlin_demultiplexer "cmd_xbar_demux"
Info: cmd_xbar_demux_001: "VGA_Graphics" instantiated altera_merlin_demultiplexer "cmd_xbar_demux_001"
Info: cmd_xbar_demux_002: "VGA_Graphics" instantiated altera_merlin_demultiplexer "cmd_xbar_demux_002"
Info: cmd_xbar_mux: "VGA_Graphics" instantiated altera_merlin_multiplexer "cmd_xbar_mux"
Info: cmd_xbar_mux_002: "VGA_Graphics" instantiated altera_merlin_multiplexer "cmd_xbar_mux_002"
Info: Reusing file C:/Users/Adam/Dropbox/EECE_381/Module_1/Exercises/Exercise_1.5/VGA_Graphics/synthesis/submodules/altera_merlin_arbitrator.sv
Info: cmd_xbar_mux_004: "VGA_Graphics" instantiated altera_merlin_multiplexer "cmd_xbar_mux_004"
Info: Reusing file C:/Users/Adam/Dropbox/EECE_381/Module_1/Exercises/Exercise_1.5/VGA_Graphics/synthesis/submodules/altera_merlin_arbitrator.sv
Info: rsp_xbar_demux: "VGA_Graphics" instantiated altera_merlin_demultiplexer "rsp_xbar_demux"
Info: rsp_xbar_demux_002: "VGA_Graphics" instantiated altera_merlin_demultiplexer "rsp_xbar_demux_002"
Info: rsp_xbar_demux_003: "VGA_Graphics" instantiated altera_merlin_demultiplexer "rsp_xbar_demux_003"
Info: rsp_xbar_demux_004: "VGA_Graphics" instantiated altera_merlin_demultiplexer "rsp_xbar_demux_004"
Info: rsp_xbar_demux_007: "VGA_Graphics" instantiated altera_merlin_demultiplexer "rsp_xbar_demux_007"
Info: rsp_xbar_mux: "VGA_Graphics" instantiated altera_merlin_multiplexer "rsp_xbar_mux"
Info: Reusing file C:/Users/Adam/Dropbox/EECE_381/Module_1/Exercises/Exercise_1.5/VGA_Graphics/synthesis/submodules/altera_merlin_arbitrator.sv
Info: rsp_xbar_mux_001: "VGA_Graphics" instantiated altera_merlin_multiplexer "rsp_xbar_mux_001"
Info: Reusing file C:/Users/Adam/Dropbox/EECE_381/Module_1/Exercises/Exercise_1.5/VGA_Graphics/synthesis/submodules/altera_merlin_arbitrator.sv
Info: width_adapter: "VGA_Graphics" instantiated altera_merlin_width_adapter "width_adapter"
Info: Reusing file C:/Users/Adam/Dropbox/EECE_381/Module_1/Exercises/Exercise_1.5/VGA_Graphics/synthesis/submodules/altera_merlin_address_alignment.sv
Info: Reusing file C:/Users/Adam/Dropbox/EECE_381/Module_1/Exercises/Exercise_1.5/VGA_Graphics/synthesis/submodules/altera_merlin_burst_uncompressor.sv
Info: irq_mapper: "VGA_Graphics" instantiated altera_irq_mapper "irq_mapper"
Info: VGA_Graphics: Done VGA_Graphics" with 45 modules, 153 files, 3249962 bytes
Info: ip-generate succeeded.
Info: Finished: Create HDL design files for synthesis
