Flow report for VGA_Controller
Sat Oct 11 18:53:11 2014
Quartus II 64-Bit Version 13.0.1 Build 232 06/12/2013 Service Pack 1 SJ Web Edition


---------------------
; Table of Contents ;
---------------------
  1. Legal Notice
  2. Flow Summary
  3. Flow Settings
  4. Flow Non-Default Global Settings
  5. Flow Elapsed Time
  6. Flow OS Summary
  7. Flow Log
  8. Flow Messages
  9. Flow Suppressed Messages



----------------
; Legal Notice ;
----------------
Copyright (C) 1991-2013 Altera Corporation
Your use of Altera Corporation's design tools, logic functions 
and other software and tools, and its AMPP partner logic 
functions, and any output files from any of the foregoing 
(including device programming or simulation files), and any 
associated documentation or information are expressly subject 
to the terms and conditions of the Altera Program License 
Subscription Agreement, Altera MegaCore Function License 
Agreement, or other applicable license agreement, including, 
without limitation, that your use is for the sole purpose of 
programming logic devices manufactured by Altera and sold by 
Altera or its authorized distributors.  Please refer to the 
applicable agreement for further details.



+--------------------------------------------------------------------------------------+
; Flow Summary                                                                         ;
+------------------------------------+-------------------------------------------------+
; Flow Status                        ; Successful - Sat Oct 11 18:53:08 2014           ;
; Quartus II 64-Bit Version          ; 13.0.1 Build 232 06/12/2013 SP 1 SJ Web Edition ;
; Revision Name                      ; VGA_Controller                                  ;
; Top-level Entity Name              ; VGA_CONTROLLER                                  ;
; Family                             ; Cyclone II                                      ;
; Device                             ; EP2C35F672C6                                    ;
; Timing Models                      ; Final                                           ;
; Total logic elements               ; 4,105 / 33,216 ( 12 % )                         ;
;     Total combinational functions  ; 3,741 / 33,216 ( 11 % )                         ;
;     Dedicated logic registers      ; 2,545 / 33,216 ( 8 % )                          ;
; Total registers                    ; 2613                                            ;
; Total pins                         ; 130 / 475 ( 27 % )                              ;
; Total virtual pins                 ; 0                                               ;
; Total memory bits                  ; 132,224 / 483,840 ( 27 % )                      ;
; Embedded Multiplier 9-bit elements ; 0 / 70 ( 0 % )                                  ;
; Total PLLs                         ; 1 / 4 ( 25 % )                                  ;
+------------------------------------+-------------------------------------------------+


+-----------------------------------------+
; Flow Settings                           ;
+-------------------+---------------------+
; Option            ; Setting             ;
+-------------------+---------------------+
; Start date & time ; 10/11/2014 18:52:16 ;
; Main task         ; Compilation         ;
; Revision Name     ; VGA_Controller      ;
+-------------------+---------------------+


+---------------------------------------------------------------------------------------------------------------------------------------------------------------------+
; Flow Non-Default Global Settings                                                                                                                                    ;
+-------------------------------------+----------------------------------------------------------------+---------------+---------------------------------+------------+
; Assignment Name                     ; Value                                                          ; Default Value ; Entity Name                     ; Section Id ;
+-------------------------------------+----------------------------------------------------------------+---------------+---------------------------------+------------+
; COMPILER_SIGNATURE_ID               ; 220964052095747.141307873510820                                ; --            ; --                              ; --         ;
; IP_TOOL_ENV                         ; Qsys                                                           ; --            ; VGA_Graphics                    ; --         ;
; IP_TOOL_ENV                         ; Qsys                                                           ; --            ; VGA_Graphics_addr_router        ; --         ;
; IP_TOOL_ENV                         ; Qsys                                                           ; --            ; VGA_Graphics_addr_router_001    ; --         ;
; IP_TOOL_ENV                         ; Qsys                                                           ; --            ; VGA_Graphics_addr_router_002    ; --         ;
; IP_TOOL_ENV                         ; Qsys                                                           ; --            ; VGA_Graphics_cmd_xbar_demux     ; --         ;
; IP_TOOL_ENV                         ; Qsys                                                           ; --            ; VGA_Graphics_cmd_xbar_demux_001 ; --         ;
; IP_TOOL_ENV                         ; Qsys                                                           ; --            ; VGA_Graphics_cmd_xbar_demux_002 ; --         ;
; IP_TOOL_ENV                         ; Qsys                                                           ; --            ; VGA_Graphics_cmd_xbar_mux       ; --         ;
; IP_TOOL_ENV                         ; Qsys                                                           ; --            ; VGA_Graphics_cmd_xbar_mux_002   ; --         ;
; IP_TOOL_ENV                         ; Qsys                                                           ; --            ; VGA_Graphics_cmd_xbar_mux_004   ; --         ;
; IP_TOOL_ENV                         ; Qsys                                                           ; --            ; VGA_Graphics_id_router          ; --         ;
; IP_TOOL_ENV                         ; Qsys                                                           ; --            ; VGA_Graphics_id_router_002      ; --         ;
; IP_TOOL_ENV                         ; Qsys                                                           ; --            ; VGA_Graphics_id_router_003      ; --         ;
; IP_TOOL_ENV                         ; Qsys                                                           ; --            ; VGA_Graphics_id_router_004      ; --         ;
; IP_TOOL_ENV                         ; Qsys                                                           ; --            ; VGA_Graphics_id_router_007      ; --         ;
; IP_TOOL_ENV                         ; Qsys                                                           ; --            ; VGA_Graphics_irq_mapper         ; --         ;
; IP_TOOL_ENV                         ; Qsys                                                           ; --            ; VGA_Graphics_jtag_uart_0        ; --         ;
; IP_TOOL_ENV                         ; Qsys                                                           ; --            ; VGA_Graphics_nios2_qsys_0       ; --         ;
; IP_TOOL_ENV                         ; Qsys                                                           ; --            ; VGA_Graphics_onchip_memory2_0   ; --         ;
; IP_TOOL_ENV                         ; Qsys                                                           ; --            ; VGA_Graphics_rsp_xbar_demux     ; --         ;
; IP_TOOL_ENV                         ; Qsys                                                           ; --            ; VGA_Graphics_rsp_xbar_demux_002 ; --         ;
; IP_TOOL_ENV                         ; Qsys                                                           ; --            ; VGA_Graphics_rsp_xbar_demux_003 ; --         ;
; IP_TOOL_ENV                         ; Qsys                                                           ; --            ; VGA_Graphics_rsp_xbar_demux_004 ; --         ;
; IP_TOOL_ENV                         ; Qsys                                                           ; --            ; VGA_Graphics_rsp_xbar_demux_007 ; --         ;
; IP_TOOL_ENV                         ; Qsys                                                           ; --            ; VGA_Graphics_rsp_xbar_mux       ; --         ;
; IP_TOOL_ENV                         ; Qsys                                                           ; --            ; VGA_Graphics_rsp_xbar_mux_001   ; --         ;
; IP_TOOL_ENV                         ; Qsys                                                           ; --            ; VGA_Graphics_sdram              ; --         ;
; IP_TOOL_ENV                         ; Qsys                                                           ; --            ; altera_avalon_sc_fifo           ; --         ;
; IP_TOOL_ENV                         ; Qsys                                                           ; --            ; altera_merlin_burst_adapter     ; --         ;
; IP_TOOL_ENV                         ; Qsys                                                           ; --            ; altera_merlin_master_agent      ; --         ;
; IP_TOOL_ENV                         ; Qsys                                                           ; --            ; altera_merlin_master_translator ; --         ;
; IP_TOOL_ENV                         ; Qsys                                                           ; --            ; altera_merlin_slave_agent       ; --         ;
; IP_TOOL_ENV                         ; Qsys                                                           ; --            ; altera_merlin_slave_translator  ; --         ;
; IP_TOOL_ENV                         ; Qsys                                                           ; --            ; altera_merlin_width_adapter     ; --         ;
; IP_TOOL_ENV                         ; Qsys                                                           ; --            ; altera_reset_controller         ; --         ;
; IP_TOOL_NAME                        ; Qsys                                                           ; --            ; VGA_Graphics                    ; --         ;
; IP_TOOL_NAME                        ; altera_merlin_router                                           ; --            ; VGA_Graphics_addr_router        ; --         ;
; IP_TOOL_NAME                        ; altera_merlin_router                                           ; --            ; VGA_Graphics_addr_router_001    ; --         ;
; IP_TOOL_NAME                        ; altera_merlin_router                                           ; --            ; VGA_Graphics_addr_router_002    ; --         ;
; IP_TOOL_NAME                        ; altera_merlin_demultiplexer                                    ; --            ; VGA_Graphics_cmd_xbar_demux     ; --         ;
; IP_TOOL_NAME                        ; altera_merlin_demultiplexer                                    ; --            ; VGA_Graphics_cmd_xbar_demux_001 ; --         ;
; IP_TOOL_NAME                        ; altera_merlin_demultiplexer                                    ; --            ; VGA_Graphics_cmd_xbar_demux_002 ; --         ;
; IP_TOOL_NAME                        ; altera_merlin_multiplexer                                      ; --            ; VGA_Graphics_cmd_xbar_mux       ; --         ;
; IP_TOOL_NAME                        ; altera_merlin_multiplexer                                      ; --            ; VGA_Graphics_cmd_xbar_mux_002   ; --         ;
; IP_TOOL_NAME                        ; altera_merlin_multiplexer                                      ; --            ; VGA_Graphics_cmd_xbar_mux_004   ; --         ;
; IP_TOOL_NAME                        ; altera_merlin_router                                           ; --            ; VGA_Graphics_id_router          ; --         ;
; IP_TOOL_NAME                        ; altera_merlin_router                                           ; --            ; VGA_Graphics_id_router_002      ; --         ;
; IP_TOOL_NAME                        ; altera_merlin_router                                           ; --            ; VGA_Graphics_id_router_003      ; --         ;
; IP_TOOL_NAME                        ; altera_merlin_router                                           ; --            ; VGA_Graphics_id_router_004      ; --         ;
; IP_TOOL_NAME                        ; altera_merlin_router                                           ; --            ; VGA_Graphics_id_router_007      ; --         ;
; IP_TOOL_NAME                        ; altera_irq_mapper                                              ; --            ; VGA_Graphics_irq_mapper         ; --         ;
; IP_TOOL_NAME                        ; altera_avalon_jtag_uart                                        ; --            ; VGA_Graphics_jtag_uart_0        ; --         ;
; IP_TOOL_NAME                        ; altera_nios2_qsys                                              ; --            ; VGA_Graphics_nios2_qsys_0       ; --         ;
; IP_TOOL_NAME                        ; altera_avalon_onchip_memory2                                   ; --            ; VGA_Graphics_onchip_memory2_0   ; --         ;
; IP_TOOL_NAME                        ; altera_merlin_demultiplexer                                    ; --            ; VGA_Graphics_rsp_xbar_demux     ; --         ;
; IP_TOOL_NAME                        ; altera_merlin_demultiplexer                                    ; --            ; VGA_Graphics_rsp_xbar_demux_002 ; --         ;
; IP_TOOL_NAME                        ; altera_merlin_demultiplexer                                    ; --            ; VGA_Graphics_rsp_xbar_demux_003 ; --         ;
; IP_TOOL_NAME                        ; altera_merlin_demultiplexer                                    ; --            ; VGA_Graphics_rsp_xbar_demux_004 ; --         ;
; IP_TOOL_NAME                        ; altera_merlin_demultiplexer                                    ; --            ; VGA_Graphics_rsp_xbar_demux_007 ; --         ;
; IP_TOOL_NAME                        ; altera_merlin_multiplexer                                      ; --            ; VGA_Graphics_rsp_xbar_mux       ; --         ;
; IP_TOOL_NAME                        ; altera_merlin_multiplexer                                      ; --            ; VGA_Graphics_rsp_xbar_mux_001   ; --         ;
; IP_TOOL_NAME                        ; altera_avalon_new_sdram_controller                             ; --            ; VGA_Graphics_sdram              ; --         ;
; IP_TOOL_NAME                        ; altera_avalon_sc_fifo                                          ; --            ; altera_avalon_sc_fifo           ; --         ;
; IP_TOOL_NAME                        ; altera_merlin_burst_adapter                                    ; --            ; altera_merlin_burst_adapter     ; --         ;
; IP_TOOL_NAME                        ; altera_merlin_master_agent                                     ; --            ; altera_merlin_master_agent      ; --         ;
; IP_TOOL_NAME                        ; altera_merlin_master_translator                                ; --            ; altera_merlin_master_translator ; --         ;
; IP_TOOL_NAME                        ; altera_merlin_slave_agent                                      ; --            ; altera_merlin_slave_agent       ; --         ;
; IP_TOOL_NAME                        ; altera_merlin_slave_translator                                 ; --            ; altera_merlin_slave_translator  ; --         ;
; IP_TOOL_NAME                        ; altera_merlin_width_adapter                                    ; --            ; altera_merlin_width_adapter     ; --         ;
; IP_TOOL_NAME                        ; altera_reset_controller                                        ; --            ; altera_reset_controller         ; --         ;
; IP_TOOL_VERSION                     ; 13.0sp1                                                        ; --            ; VGA_Graphics                    ; --         ;
; IP_TOOL_VERSION                     ; 13.0                                                           ; --            ; VGA_Graphics_addr_router        ; --         ;
; IP_TOOL_VERSION                     ; 13.0                                                           ; --            ; VGA_Graphics_addr_router_001    ; --         ;
; IP_TOOL_VERSION                     ; 13.0                                                           ; --            ; VGA_Graphics_addr_router_002    ; --         ;
; IP_TOOL_VERSION                     ; 13.0                                                           ; --            ; VGA_Graphics_cmd_xbar_demux     ; --         ;
; IP_TOOL_VERSION                     ; 13.0                                                           ; --            ; VGA_Graphics_cmd_xbar_demux_001 ; --         ;
; IP_TOOL_VERSION                     ; 13.0                                                           ; --            ; VGA_Graphics_cmd_xbar_demux_002 ; --         ;
; IP_TOOL_VERSION                     ; 13.0                                                           ; --            ; VGA_Graphics_cmd_xbar_mux       ; --         ;
; IP_TOOL_VERSION                     ; 13.0                                                           ; --            ; VGA_Graphics_cmd_xbar_mux_002   ; --         ;
; IP_TOOL_VERSION                     ; 13.0                                                           ; --            ; VGA_Graphics_cmd_xbar_mux_004   ; --         ;
; IP_TOOL_VERSION                     ; 13.0                                                           ; --            ; VGA_Graphics_id_router          ; --         ;
; IP_TOOL_VERSION                     ; 13.0                                                           ; --            ; VGA_Graphics_id_router_002      ; --         ;
; IP_TOOL_VERSION                     ; 13.0                                                           ; --            ; VGA_Graphics_id_router_003      ; --         ;
; IP_TOOL_VERSION                     ; 13.0                                                           ; --            ; VGA_Graphics_id_router_004      ; --         ;
; IP_TOOL_VERSION                     ; 13.0                                                           ; --            ; VGA_Graphics_id_router_007      ; --         ;
; IP_TOOL_VERSION                     ; 13.0                                                           ; --            ; VGA_Graphics_irq_mapper         ; --         ;
; IP_TOOL_VERSION                     ; 13.0.1.99.2                                                    ; --            ; VGA_Graphics_jtag_uart_0        ; --         ;
; IP_TOOL_VERSION                     ; 13.0                                                           ; --            ; VGA_Graphics_nios2_qsys_0       ; --         ;
; IP_TOOL_VERSION                     ; 13.0.1.99.2                                                    ; --            ; VGA_Graphics_onchip_memory2_0   ; --         ;
; IP_TOOL_VERSION                     ; 13.0                                                           ; --            ; VGA_Graphics_rsp_xbar_demux     ; --         ;
; IP_TOOL_VERSION                     ; 13.0                                                           ; --            ; VGA_Graphics_rsp_xbar_demux_002 ; --         ;
; IP_TOOL_VERSION                     ; 13.0                                                           ; --            ; VGA_Graphics_rsp_xbar_demux_003 ; --         ;
; IP_TOOL_VERSION                     ; 13.0                                                           ; --            ; VGA_Graphics_rsp_xbar_demux_004 ; --         ;
; IP_TOOL_VERSION                     ; 13.0                                                           ; --            ; VGA_Graphics_rsp_xbar_demux_007 ; --         ;
; IP_TOOL_VERSION                     ; 13.0                                                           ; --            ; VGA_Graphics_rsp_xbar_mux       ; --         ;
; IP_TOOL_VERSION                     ; 13.0                                                           ; --            ; VGA_Graphics_rsp_xbar_mux_001   ; --         ;
; IP_TOOL_VERSION                     ; 13.0.1.99.2                                                    ; --            ; VGA_Graphics_sdram              ; --         ;
; IP_TOOL_VERSION                     ; 13.0                                                           ; --            ; altera_avalon_sc_fifo           ; --         ;
; IP_TOOL_VERSION                     ; 13.0                                                           ; --            ; altera_merlin_burst_adapter     ; --         ;
; IP_TOOL_VERSION                     ; 13.0                                                           ; --            ; altera_merlin_master_agent      ; --         ;
; IP_TOOL_VERSION                     ; 13.0                                                           ; --            ; altera_merlin_master_translator ; --         ;
; IP_TOOL_VERSION                     ; 13.0                                                           ; --            ; altera_merlin_slave_agent       ; --         ;
; IP_TOOL_VERSION                     ; 13.0                                                           ; --            ; altera_merlin_slave_translator  ; --         ;
; IP_TOOL_VERSION                     ; 13.0                                                           ; --            ; altera_merlin_width_adapter     ; --         ;
; IP_TOOL_VERSION                     ; 13.0                                                           ; --            ; altera_reset_controller         ; --         ;
; MAX_CORE_JUNCTION_TEMP              ; 85                                                             ; --            ; --                              ; --         ;
; MIN_CORE_JUNCTION_TEMP              ; 0                                                              ; --            ; --                              ; --         ;
; MISC_FILE                           ; VGA_Graphics/synthesis/../../VGA_Graphics.cmp                  ; --            ; --                              ; --         ;
; MISC_FILE                           ; VGA_Graphics/synthesis/../../VGA_Graphics.qsys                 ; --            ; --                              ; --         ;
; PARTITION_COLOR                     ; 16764057                                                       ; --            ; --                              ; Top        ;
; PARTITION_FITTER_PRESERVATION_LEVEL ; PLACEMENT_AND_ROUTING                                          ; --            ; --                              ; Top        ;
; PARTITION_NETLIST_TYPE              ; SOURCE                                                         ; --            ; --                              ; Top        ;
; PROJECT_OUTPUT_DIRECTORY            ; output_files                                                   ; --            ; --                              ; --         ;
; SLD_INFO                            ; QSYS_NAME VGA_Graphics HAS_SOPCINFO 1 GENERATION_ID 1412221064 ; --            ; VGA_Graphics                    ; --         ;
; SOPCINFO_FILE                       ; VGA_Graphics/synthesis/../../VGA_Graphics.sopcinfo             ; --            ; --                              ; --         ;
; SYNTHESIS_ONLY_QIP                  ; On                                                             ; --            ; --                              ; --         ;
+-------------------------------------+----------------------------------------------------------------+---------------+---------------------------------+------------+


+-------------------------------------------------------------------------------------------------------------------------------+
; Flow Elapsed Time                                                                                                             ;
+---------------------------+--------------+-------------------------+---------------------+------------------------------------+
; Module Name               ; Elapsed Time ; Average Processors Used ; Peak Virtual Memory ; Total CPU Time (on all processors) ;
+---------------------------+--------------+-------------------------+---------------------+------------------------------------+
; Analysis & Synthesis      ; 00:00:22     ; 1.0                     ; 630 MB              ; 00:00:22                           ;
; Fitter                    ; 00:00:23     ; 1.0                     ; 726 MB              ; 00:00:23                           ;
; Assembler                 ; 00:00:02     ; 1.0                     ; 446 MB              ; 00:00:02                           ;
; TimeQuest Timing Analyzer ; 00:00:02     ; 1.0                     ; 468 MB              ; 00:00:02                           ;
; Total                     ; 00:00:49     ; --                      ; --                  ; 00:00:49                           ;
+---------------------------+--------------+-------------------------+---------------------+------------------------------------+


+----------------------------------------------------------------------------------------+
; Flow OS Summary                                                                        ;
+---------------------------+------------------+-----------+------------+----------------+
; Module Name               ; Machine Hostname ; OS Name   ; OS Version ; Processor type ;
+---------------------------+------------------+-----------+------------+----------------+
; Analysis & Synthesis      ; ADAM-PC          ; Windows 7 ; 6.2        ; x86_64         ;
; Fitter                    ; ADAM-PC          ; Windows 7 ; 6.2        ; x86_64         ;
; Assembler                 ; ADAM-PC          ; Windows 7 ; 6.2        ; x86_64         ;
; TimeQuest Timing Analyzer ; ADAM-PC          ; Windows 7 ; 6.2        ; x86_64         ;
+---------------------------+------------------+-----------+------------+----------------+


------------
; Flow Log ;
------------
quartus_map --read_settings_files=on --write_settings_files=off VGA_Controller -c VGA_Controller
quartus_fit --read_settings_files=off --write_settings_files=off VGA_Controller -c VGA_Controller
quartus_asm --read_settings_files=off --write_settings_files=off VGA_Controller -c VGA_Controller
quartus_sta VGA_Controller -c VGA_Controller



