Flow report for CannonMan
Tue Sep 30 15:54:50 2014
Quartus II 64-Bit Version 13.0.1 Build 232 06/12/2013 Service Pack 1 SJ Web Edition


---------------------
; Table of Contents ;
---------------------
  1. Legal Notice
  2. Flow Summary
  3. Flow Settings
  4. Flow Non-Default Global Settings
  5. Flow Elapsed Time
  6. Flow OS Summary
  7. Flow Log
  8. Flow Messages
  9. Flow Suppressed Messages



----------------
; Legal Notice ;
----------------
Copyright (C) 1991-2013 Altera Corporation
Your use of Altera Corporation's design tools, logic functions 
and other software and tools, and its AMPP partner logic 
functions, and any output files from any of the foregoing 
(including device programming or simulation files), and any 
associated documentation or information are expressly subject 
to the terms and conditions of the Altera Program License 
Subscription Agreement, Altera MegaCore Function License 
Agreement, or other applicable license agreement, including, 
without limitation, that your use is for the sole purpose of 
programming logic devices manufactured by Altera and sold by 
Altera or its authorized distributors.  Please refer to the 
applicable agreement for further details.



+--------------------------------------------------------------------------------------+
; Flow Summary                                                                         ;
+------------------------------------+-------------------------------------------------+
; Flow Status                        ; Successful - Tue Sep 30 15:54:44 2014           ;
; Quartus II 64-Bit Version          ; 13.0.1 Build 232 06/12/2013 SP 1 SJ Web Edition ;
; Revision Name                      ; CannonMan                                       ;
; Top-level Entity Name              ; CannonMan                                       ;
; Family                             ; Cyclone II                                      ;
; Device                             ; EP2C35F672C6                                    ;
; Timing Models                      ; Final                                           ;
; Total logic elements               ; 8,920 / 33,216 ( 27 % )                         ;
;     Total combinational functions  ; 8,036 / 33,216 ( 24 % )                         ;
;     Dedicated logic registers      ; 5,528 / 33,216 ( 17 % )                         ;
; Total registers                    ; 5596                                            ;
; Total pins                         ; 241 / 475 ( 51 % )                              ;
; Total virtual pins                 ; 0                                               ;
; Total memory bits                  ; 196,096 / 483,840 ( 41 % )                      ;
; Embedded Multiplier 9-bit elements ; 4 / 70 ( 6 % )                                  ;
; Total PLLs                         ; 1 / 4 ( 25 % )                                  ;
+------------------------------------+-------------------------------------------------+


+-----------------------------------------+
; Flow Settings                           ;
+-------------------+---------------------+
; Option            ; Setting             ;
+-------------------+---------------------+
; Start date & time ; 09/30/2014 15:52:08 ;
; Main task         ; Compilation         ;
; Revision Name     ; CannonMan           ;
+-------------------+---------------------+


+---------------------------------------------------------------------------------------------------------------------------------------------------------------------------+
; Flow Non-Default Global Settings                                                                                                                                          ;
+-------------------------------------+----------------------------------------------------------------------+---------------+---------------------------------+------------+
; Assignment Name                     ; Value                                                                ; Default Value ; Entity Name                     ; Section Id ;
+-------------------------------------+----------------------------------------------------------------------+---------------+---------------------------------+------------+
; COMPILER_SIGNATURE_ID               ; 172269390473084.141211752518744                                      ; --            ; --                              ; --         ;
; IP_TOOL_ENV                         ; Qsys                                                                 ; --            ; altera_avalon_sc_fifo           ; --         ;
; IP_TOOL_ENV                         ; Qsys                                                                 ; --            ; altera_merlin_burst_adapter     ; --         ;
; IP_TOOL_ENV                         ; Qsys                                                                 ; --            ; altera_merlin_master_agent      ; --         ;
; IP_TOOL_ENV                         ; Qsys                                                                 ; --            ; altera_merlin_master_translator ; --         ;
; IP_TOOL_ENV                         ; Qsys                                                                 ; --            ; altera_merlin_slave_agent       ; --         ;
; IP_TOOL_ENV                         ; Qsys                                                                 ; --            ; altera_merlin_slave_translator  ; --         ;
; IP_TOOL_ENV                         ; Qsys                                                                 ; --            ; altera_merlin_traffic_limiter   ; --         ;
; IP_TOOL_ENV                         ; Qsys                                                                 ; --            ; altera_merlin_width_adapter     ; --         ;
; IP_TOOL_ENV                         ; Qsys                                                                 ; --            ; altera_reset_controller         ; --         ;
; IP_TOOL_ENV                         ; Qsys                                                                 ; --            ; nios2_system                    ; --         ;
; IP_TOOL_ENV                         ; Qsys                                                                 ; --            ; nios2_system_JTAG               ; --         ;
; IP_TOOL_ENV                         ; Qsys                                                                 ; --            ; nios2_system_LEDG               ; --         ;
; IP_TOOL_ENV                         ; Qsys                                                                 ; --            ; nios2_system_LEDR               ; --         ;
; IP_TOOL_ENV                         ; Qsys                                                                 ; --            ; nios2_system_addr_router        ; --         ;
; IP_TOOL_ENV                         ; Qsys                                                                 ; --            ; nios2_system_addr_router_001    ; --         ;
; IP_TOOL_ENV                         ; Qsys                                                                 ; --            ; nios2_system_addr_router_002    ; --         ;
; IP_TOOL_ENV                         ; Qsys                                                                 ; --            ; nios2_system_cmd_xbar_demux     ; --         ;
; IP_TOOL_ENV                         ; Qsys                                                                 ; --            ; nios2_system_cmd_xbar_demux_001 ; --         ;
; IP_TOOL_ENV                         ; Qsys                                                                 ; --            ; nios2_system_cmd_xbar_demux_002 ; --         ;
; IP_TOOL_ENV                         ; Qsys                                                                 ; --            ; nios2_system_cmd_xbar_mux       ; --         ;
; IP_TOOL_ENV                         ; Qsys                                                                 ; --            ; nios2_system_cmd_xbar_mux_002   ; --         ;
; IP_TOOL_ENV                         ; Qsys                                                                 ; --            ; nios2_system_cmd_xbar_mux_016   ; --         ;
; IP_TOOL_ENV                         ; Qsys                                                                 ; --            ; nios2_system_id_router          ; --         ;
; IP_TOOL_ENV                         ; Qsys                                                                 ; --            ; nios2_system_id_router_002      ; --         ;
; IP_TOOL_ENV                         ; Qsys                                                                 ; --            ; nios2_system_id_router_011      ; --         ;
; IP_TOOL_ENV                         ; Qsys                                                                 ; --            ; nios2_system_id_router_012      ; --         ;
; IP_TOOL_ENV                         ; Qsys                                                                 ; --            ; nios2_system_id_router_016      ; --         ;
; IP_TOOL_ENV                         ; Qsys                                                                 ; --            ; nios2_system_irq_mapper         ; --         ;
; IP_TOOL_ENV                         ; Qsys                                                                 ; --            ; nios2_system_key                ; --         ;
; IP_TOOL_ENV                         ; Qsys                                                                 ; --            ; nios2_system_nios2_system       ; --         ;
; IP_TOOL_ENV                         ; Qsys                                                                 ; --            ; nios2_system_onchip             ; --         ;
; IP_TOOL_ENV                         ; Qsys                                                                 ; --            ; nios2_system_rsp_xbar_demux     ; --         ;
; IP_TOOL_ENV                         ; Qsys                                                                 ; --            ; nios2_system_rsp_xbar_demux_002 ; --         ;
; IP_TOOL_ENV                         ; Qsys                                                                 ; --            ; nios2_system_rsp_xbar_demux_011 ; --         ;
; IP_TOOL_ENV                         ; Qsys                                                                 ; --            ; nios2_system_rsp_xbar_demux_012 ; --         ;
; IP_TOOL_ENV                         ; Qsys                                                                 ; --            ; nios2_system_rsp_xbar_demux_016 ; --         ;
; IP_TOOL_ENV                         ; Qsys                                                                 ; --            ; nios2_system_rsp_xbar_mux       ; --         ;
; IP_TOOL_ENV                         ; Qsys                                                                 ; --            ; nios2_system_rsp_xbar_mux_001   ; --         ;
; IP_TOOL_ENV                         ; Qsys                                                                 ; --            ; nios2_system_sdcard_timer       ; --         ;
; IP_TOOL_ENV                         ; Qsys                                                                 ; --            ; nios2_system_sdram              ; --         ;
; IP_TOOL_ENV                         ; Qsys                                                                 ; --            ; nios2_system_switches           ; --         ;
; IP_TOOL_NAME                        ; RAM: 2-PORT                                                          ; --            ; --                              ; --         ;
; IP_TOOL_NAME                        ; altera_avalon_sc_fifo                                                ; --            ; altera_avalon_sc_fifo           ; --         ;
; IP_TOOL_NAME                        ; altera_merlin_burst_adapter                                          ; --            ; altera_merlin_burst_adapter     ; --         ;
; IP_TOOL_NAME                        ; altera_merlin_master_agent                                           ; --            ; altera_merlin_master_agent      ; --         ;
; IP_TOOL_NAME                        ; altera_merlin_master_translator                                      ; --            ; altera_merlin_master_translator ; --         ;
; IP_TOOL_NAME                        ; altera_merlin_slave_agent                                            ; --            ; altera_merlin_slave_agent       ; --         ;
; IP_TOOL_NAME                        ; altera_merlin_slave_translator                                       ; --            ; altera_merlin_slave_translator  ; --         ;
; IP_TOOL_NAME                        ; altera_merlin_traffic_limiter                                        ; --            ; altera_merlin_traffic_limiter   ; --         ;
; IP_TOOL_NAME                        ; altera_merlin_width_adapter                                          ; --            ; altera_merlin_width_adapter     ; --         ;
; IP_TOOL_NAME                        ; altera_reset_controller                                              ; --            ; altera_reset_controller         ; --         ;
; IP_TOOL_NAME                        ; Qsys                                                                 ; --            ; nios2_system                    ; --         ;
; IP_TOOL_NAME                        ; altera_avalon_jtag_uart                                              ; --            ; nios2_system_JTAG               ; --         ;
; IP_TOOL_NAME                        ; altera_avalon_pio                                                    ; --            ; nios2_system_LEDG               ; --         ;
; IP_TOOL_NAME                        ; altera_avalon_pio                                                    ; --            ; nios2_system_LEDR               ; --         ;
; IP_TOOL_NAME                        ; altera_merlin_router                                                 ; --            ; nios2_system_addr_router        ; --         ;
; IP_TOOL_NAME                        ; altera_merlin_router                                                 ; --            ; nios2_system_addr_router_001    ; --         ;
; IP_TOOL_NAME                        ; altera_merlin_router                                                 ; --            ; nios2_system_addr_router_002    ; --         ;
; IP_TOOL_NAME                        ; altera_merlin_demultiplexer                                          ; --            ; nios2_system_cmd_xbar_demux     ; --         ;
; IP_TOOL_NAME                        ; altera_merlin_demultiplexer                                          ; --            ; nios2_system_cmd_xbar_demux_001 ; --         ;
; IP_TOOL_NAME                        ; altera_merlin_demultiplexer                                          ; --            ; nios2_system_cmd_xbar_demux_002 ; --         ;
; IP_TOOL_NAME                        ; altera_merlin_multiplexer                                            ; --            ; nios2_system_cmd_xbar_mux       ; --         ;
; IP_TOOL_NAME                        ; altera_merlin_multiplexer                                            ; --            ; nios2_system_cmd_xbar_mux_002   ; --         ;
; IP_TOOL_NAME                        ; altera_merlin_multiplexer                                            ; --            ; nios2_system_cmd_xbar_mux_016   ; --         ;
; IP_TOOL_NAME                        ; altera_merlin_router                                                 ; --            ; nios2_system_id_router          ; --         ;
; IP_TOOL_NAME                        ; altera_merlin_router                                                 ; --            ; nios2_system_id_router_002      ; --         ;
; IP_TOOL_NAME                        ; altera_merlin_router                                                 ; --            ; nios2_system_id_router_011      ; --         ;
; IP_TOOL_NAME                        ; altera_merlin_router                                                 ; --            ; nios2_system_id_router_012      ; --         ;
; IP_TOOL_NAME                        ; altera_merlin_router                                                 ; --            ; nios2_system_id_router_016      ; --         ;
; IP_TOOL_NAME                        ; altera_irq_mapper                                                    ; --            ; nios2_system_irq_mapper         ; --         ;
; IP_TOOL_NAME                        ; altera_avalon_pio                                                    ; --            ; nios2_system_key                ; --         ;
; IP_TOOL_NAME                        ; altera_nios2_qsys                                                    ; --            ; nios2_system_nios2_system       ; --         ;
; IP_TOOL_NAME                        ; altera_avalon_onchip_memory2                                         ; --            ; nios2_system_onchip             ; --         ;
; IP_TOOL_NAME                        ; altera_merlin_demultiplexer                                          ; --            ; nios2_system_rsp_xbar_demux     ; --         ;
; IP_TOOL_NAME                        ; altera_merlin_demultiplexer                                          ; --            ; nios2_system_rsp_xbar_demux_002 ; --         ;
; IP_TOOL_NAME                        ; altera_merlin_demultiplexer                                          ; --            ; nios2_system_rsp_xbar_demux_011 ; --         ;
; IP_TOOL_NAME                        ; altera_merlin_demultiplexer                                          ; --            ; nios2_system_rsp_xbar_demux_012 ; --         ;
; IP_TOOL_NAME                        ; altera_merlin_demultiplexer                                          ; --            ; nios2_system_rsp_xbar_demux_016 ; --         ;
; IP_TOOL_NAME                        ; altera_merlin_multiplexer                                            ; --            ; nios2_system_rsp_xbar_mux       ; --         ;
; IP_TOOL_NAME                        ; altera_merlin_multiplexer                                            ; --            ; nios2_system_rsp_xbar_mux_001   ; --         ;
; IP_TOOL_NAME                        ; altera_avalon_timer                                                  ; --            ; nios2_system_sdcard_timer       ; --         ;
; IP_TOOL_NAME                        ; altera_avalon_new_sdram_controller                                   ; --            ; nios2_system_sdram              ; --         ;
; IP_TOOL_NAME                        ; altera_avalon_pio                                                    ; --            ; nios2_system_switches           ; --         ;
; IP_TOOL_VERSION                     ; 8.0                                                                  ; --            ; --                              ; --         ;
; IP_TOOL_VERSION                     ; 13.0                                                                 ; --            ; altera_avalon_sc_fifo           ; --         ;
; IP_TOOL_VERSION                     ; 13.0                                                                 ; --            ; altera_merlin_burst_adapter     ; --         ;
; IP_TOOL_VERSION                     ; 13.0                                                                 ; --            ; altera_merlin_master_agent      ; --         ;
; IP_TOOL_VERSION                     ; 13.0                                                                 ; --            ; altera_merlin_master_translator ; --         ;
; IP_TOOL_VERSION                     ; 13.0                                                                 ; --            ; altera_merlin_slave_agent       ; --         ;
; IP_TOOL_VERSION                     ; 13.0                                                                 ; --            ; altera_merlin_slave_translator  ; --         ;
; IP_TOOL_VERSION                     ; 13.0                                                                 ; --            ; altera_merlin_traffic_limiter   ; --         ;
; IP_TOOL_VERSION                     ; 13.0                                                                 ; --            ; altera_merlin_width_adapter     ; --         ;
; IP_TOOL_VERSION                     ; 13.0                                                                 ; --            ; altera_reset_controller         ; --         ;
; IP_TOOL_VERSION                     ; 13.0sp1                                                              ; --            ; nios2_system                    ; --         ;
; IP_TOOL_VERSION                     ; 13.0.1.99.2                                                          ; --            ; nios2_system_JTAG               ; --         ;
; IP_TOOL_VERSION                     ; 13.0.1.99.2                                                          ; --            ; nios2_system_LEDG               ; --         ;
; IP_TOOL_VERSION                     ; 13.0.1.99.2                                                          ; --            ; nios2_system_LEDR               ; --         ;
; IP_TOOL_VERSION                     ; 13.0                                                                 ; --            ; nios2_system_addr_router        ; --         ;
; IP_TOOL_VERSION                     ; 13.0                                                                 ; --            ; nios2_system_addr_router_001    ; --         ;
; IP_TOOL_VERSION                     ; 13.0                                                                 ; --            ; nios2_system_addr_router_002    ; --         ;
; IP_TOOL_VERSION                     ; 13.0                                                                 ; --            ; nios2_system_cmd_xbar_demux     ; --         ;
; IP_TOOL_VERSION                     ; 13.0                                                                 ; --            ; nios2_system_cmd_xbar_demux_001 ; --         ;
; IP_TOOL_VERSION                     ; 13.0                                                                 ; --            ; nios2_system_cmd_xbar_demux_002 ; --         ;
; IP_TOOL_VERSION                     ; 13.0                                                                 ; --            ; nios2_system_cmd_xbar_mux       ; --         ;
; IP_TOOL_VERSION                     ; 13.0                                                                 ; --            ; nios2_system_cmd_xbar_mux_002   ; --         ;
; IP_TOOL_VERSION                     ; 13.0                                                                 ; --            ; nios2_system_cmd_xbar_mux_016   ; --         ;
; IP_TOOL_VERSION                     ; 13.0                                                                 ; --            ; nios2_system_id_router          ; --         ;
; IP_TOOL_VERSION                     ; 13.0                                                                 ; --            ; nios2_system_id_router_002      ; --         ;
; IP_TOOL_VERSION                     ; 13.0                                                                 ; --            ; nios2_system_id_router_011      ; --         ;
; IP_TOOL_VERSION                     ; 13.0                                                                 ; --            ; nios2_system_id_router_012      ; --         ;
; IP_TOOL_VERSION                     ; 13.0                                                                 ; --            ; nios2_system_id_router_016      ; --         ;
; IP_TOOL_VERSION                     ; 13.0                                                                 ; --            ; nios2_system_irq_mapper         ; --         ;
; IP_TOOL_VERSION                     ; 13.0.1.99.2                                                          ; --            ; nios2_system_key                ; --         ;
; IP_TOOL_VERSION                     ; 13.0                                                                 ; --            ; nios2_system_nios2_system       ; --         ;
; IP_TOOL_VERSION                     ; 13.0.1.99.2                                                          ; --            ; nios2_system_onchip             ; --         ;
; IP_TOOL_VERSION                     ; 13.0                                                                 ; --            ; nios2_system_rsp_xbar_demux     ; --         ;
; IP_TOOL_VERSION                     ; 13.0                                                                 ; --            ; nios2_system_rsp_xbar_demux_002 ; --         ;
; IP_TOOL_VERSION                     ; 13.0                                                                 ; --            ; nios2_system_rsp_xbar_demux_011 ; --         ;
; IP_TOOL_VERSION                     ; 13.0                                                                 ; --            ; nios2_system_rsp_xbar_demux_012 ; --         ;
; IP_TOOL_VERSION                     ; 13.0                                                                 ; --            ; nios2_system_rsp_xbar_demux_016 ; --         ;
; IP_TOOL_VERSION                     ; 13.0                                                                 ; --            ; nios2_system_rsp_xbar_mux       ; --         ;
; IP_TOOL_VERSION                     ; 13.0                                                                 ; --            ; nios2_system_rsp_xbar_mux_001   ; --         ;
; IP_TOOL_VERSION                     ; 13.0.1.99.2                                                          ; --            ; nios2_system_sdcard_timer       ; --         ;
; IP_TOOL_VERSION                     ; 13.0.1.99.2                                                          ; --            ; nios2_system_sdram              ; --         ;
; IP_TOOL_VERSION                     ; 13.0.1.99.2                                                          ; --            ; nios2_system_switches           ; --         ;
; MAX_CORE_JUNCTION_TEMP              ; 85                                                                   ; --            ; --                              ; --         ;
; MIN_CORE_JUNCTION_TEMP              ; 0                                                                    ; --            ; --                              ; --         ;
; MISC_FILE                           ; nios2_system/synthesis/../../nios2_system.cmp                        ; --            ; --                              ; --         ;
; MISC_FILE                           ; nios2_system/synthesis/../../nios2_system.qsys                       ; --            ; --                              ; --         ;
; MISC_FILE                           ; nios2_system/synthesis/submodules/Altera_UP_SD_Card_Memory_Block.bsf ; --            ; --                              ; --         ;
; MISC_FILE                           ; nios2_system/synthesis/submodules/Altera_UP_SD_Card_Memory_Block.cmp ; --            ; --                              ; --         ;
; PARTITION_COLOR                     ; 16764057                                                             ; --            ; --                              ; Top        ;
; PARTITION_FITTER_PRESERVATION_LEVEL ; PLACEMENT_AND_ROUTING                                                ; --            ; --                              ; Top        ;
; PARTITION_NETLIST_TYPE              ; SOURCE                                                               ; --            ; --                              ; Top        ;
; POWER_BOARD_THERMAL_MODEL           ; None (CONSERVATIVE)                                                  ; --            ; --                              ; --         ;
; POWER_PRESET_COOLING_SOLUTION       ; 23 MM HEAT SINK WITH 200 LFPM AIRFLOW                                ; --            ; --                              ; --         ;
; PROJECT_OUTPUT_DIRECTORY            ; output_files                                                         ; --            ; --                              ; --         ;
; SLD_INFO                            ; QSYS_NAME nios2_system HAS_SOPCINFO 1 GENERATION_ID 1411953663       ; --            ; nios2_system                    ; --         ;
; SOPCINFO_FILE                       ; nios2_system/synthesis/../../nios2_system.sopcinfo                   ; --            ; --                              ; --         ;
; SYNTHESIS_ONLY_QIP                  ; On                                                                   ; --            ; --                              ; --         ;
+-------------------------------------+----------------------------------------------------------------------+---------------+---------------------------------+------------+


+-------------------------------------------------------------------------------------------------------------------------------+
; Flow Elapsed Time                                                                                                             ;
+---------------------------+--------------+-------------------------+---------------------+------------------------------------+
; Module Name               ; Elapsed Time ; Average Processors Used ; Peak Virtual Memory ; Total CPU Time (on all processors) ;
+---------------------------+--------------+-------------------------+---------------------+------------------------------------+
; Analysis & Synthesis      ; 00:01:20     ; 1.0                     ; 744 MB              ; 00:01:06                           ;
; Fitter                    ; 00:01:02     ; 1.0                     ; 802 MB              ; 00:00:56                           ;
; Assembler                 ; 00:00:04     ; 1.0                     ; 473 MB              ; 00:00:03                           ;
; TimeQuest Timing Analyzer ; 00:00:04     ; 1.0                     ; 535 MB              ; 00:00:04                           ;
; Total                     ; 00:02:30     ; --                      ; --                  ; 00:02:09                           ;
+---------------------------+--------------+-------------------------+---------------------+------------------------------------+


+----------------------------------------------------------------------------------------+
; Flow OS Summary                                                                        ;
+---------------------------+------------------+-----------+------------+----------------+
; Module Name               ; Machine Hostname ; OS Name   ; OS Version ; Processor type ;
+---------------------------+------------------+-----------+------------+----------------+
; Analysis & Synthesis      ; Inspiron17       ; Windows 7 ; 6.2        ; x86_64         ;
; Fitter                    ; Inspiron17       ; Windows 7 ; 6.2        ; x86_64         ;
; Assembler                 ; Inspiron17       ; Windows 7 ; 6.2        ; x86_64         ;
; TimeQuest Timing Analyzer ; Inspiron17       ; Windows 7 ; 6.2        ; x86_64         ;
+---------------------------+------------------+-----------+------------+----------------+


------------
; Flow Log ;
------------
quartus_map --read_settings_files=on --write_settings_files=off CannonMan -c CannonMan
quartus_fit --read_settings_files=off --write_settings_files=off CannonMan -c CannonMan
quartus_asm --read_settings_files=off --write_settings_files=off CannonMan -c CannonMan
quartus_sta CannonMan -c CannonMan



